[19-Jan-2017 22:13:40 America/New_York] PHP Warning:  mysqli_fetch_assoc() expects exactly 1 parameter, 2 given in /web/activities/quizbowl/public/publicPages/members.php on line 230
[19-Jan-2017 22:13:40 America/New_York] PHP Warning:  mysqli_fetch_assoc() expects exactly 1 parameter, 2 given in /web/activities/quizbowl/public/publicPages/members.php on line 230
[19-Jan-2017 22:13:40 America/New_York] PHP Warning:  mysqli_fetch_assoc() expects exactly 1 parameter, 2 given in /web/activities/quizbowl/public/publicPages/members.php on line 230
[19-Jan-2017 22:13:40 America/New_York] PHP Warning:  mysqli_fetch_assoc() expects exactly 1 parameter, 2 given in /web/activities/quizbowl/public/publicPages/members.php on line 230
[19-Jan-2017 22:13:40 America/New_York] PHP Warning:  mysqli_fetch_assoc() expects exactly 1 parameter, 2 given in /web/activities/quizbowl/public/publicPages/members.php on line 230
[19-Jan-2017 22:13:40 America/New_York] PHP Warning:  mysqli_fetch_assoc() expects exactly 1 parameter, 2 given in /web/activities/quizbowl/public/publicPages/members.php on line 230
[19-Jan-2017 22:13:40 America/New_York] PHP Warning:  mysqli_fetch_assoc() expects exactly 1 parameter, 2 given in /web/activities/quizbowl/public/publicPages/members.php on line 230
[19-Jan-2017 22:13:40 America/New_York] PHP Warning:  mysqli_fetch_assoc() expects exactly 1 parameter, 2 given in /web/activities/quizbowl/public/publicPages/members.php on line 230
[19-Jan-2017 22:13:40 America/New_York] PHP Warning:  mysqli_fetch_assoc() expects exactly 1 parameter, 2 given in /web/activities/quizbowl/public/publicPages/members.php on line 230
[19-Jan-2017 22:13:40 America/New_York] PHP Warning:  mysqli_fetch_assoc() expects exactly 1 parameter, 2 given in /web/activities/quizbowl/public/publicPages/members.php on line 230
[19-Jan-2017 22:18:15 America/New_York] PHP Fatal error:  Maximum execution time of 30 seconds exceeded in /web/activities/quizbowl/public/loginPages/login_process.php on line 18
[19-Jan-2017 22:18:32 America/New_York] PHP Fatal error:  Maximum execution time of 30 seconds exceeded in /web/activities/quizbowl/public/loginPages/login_process.php on line 18
[19-Jan-2017 22:19:01 America/New_York] PHP Fatal error:  Maximum execution time of 30 seconds exceeded in /web/activities/quizbowl/public/loginPages/login_process.php on line 18
[19-Jan-2017 22:20:16 America/New_York] PHP Fatal error:  Maximum execution time of 30 seconds exceeded in /web/activities/quizbowl/public/loginPages/login_process.php on line 18
[19-Jan-2017 22:40:43 America/New_York] PHP Warning:  mysqli_real_escape_string() expects exactly 2 parameters, 1 given in /web/activities/quizbowl/public/loginPages/registerExecute.php on line 7
[19-Jan-2017 22:40:43 America/New_York] PHP Warning:  mysqli_real_escape_string() expects exactly 2 parameters, 1 given in /web/activities/quizbowl/public/loginPages/registerExecute.php on line 9
[19-Jan-2017 22:40:43 America/New_York] PHP Warning:  mysqli_real_escape_string() expects exactly 2 parameters, 1 given in /web/activities/quizbowl/public/loginPages/registerExecute.php on line 10
[19-Jan-2017 22:40:43 America/New_York] PHP Warning:  mysqli_real_escape_string() expects exactly 2 parameters, 1 given in /web/activities/quizbowl/public/loginPages/registerExecute.php on line 11
[19-Jan-2017 22:40:43 America/New_York] PHP Warning:  mysqli_real_escape_string() expects exactly 2 parameters, 1 given in /web/activities/quizbowl/public/loginPages/registerExecute.php on line 12
[19-Jan-2017 22:40:59 America/New_York] PHP Warning:  mysqli_real_escape_string() expects exactly 2 parameters, 1 given in /web/activities/quizbowl/public/loginPages/registerExecute.php on line 7
[19-Jan-2017 22:40:59 America/New_York] PHP Warning:  mysqli_real_escape_string() expects exactly 2 parameters, 1 given in /web/activities/quizbowl/public/loginPages/registerExecute.php on line 9
[19-Jan-2017 22:40:59 America/New_York] PHP Warning:  mysqli_real_escape_string() expects exactly 2 parameters, 1 given in /web/activities/quizbowl/public/loginPages/registerExecute.php on line 10
[19-Jan-2017 22:40:59 America/New_York] PHP Warning:  mysqli_real_escape_string() expects exactly 2 parameters, 1 given in /web/activities/quizbowl/public/loginPages/registerExecute.php on line 11
[19-Jan-2017 22:40:59 America/New_York] PHP Warning:  mysqli_real_escape_string() expects exactly 2 parameters, 1 given in /web/activities/quizbowl/public/loginPages/registerExecute.php on line 12
[20-Jan-2017 09:54:38 America/New_York] PHP Warning:  mysqli_num_rows() expects exactly 1 parameter, 2 given in /web/activities/quizbowl/public/memberPages/requirements.php on line 218
[22-Jan-2017 14:28:11 America/New_York] PHP Warning:  mysqli_num_rows() expects exactly 1 parameter, 2 given in /web/activities/quizbowl/public/memberPages/requirements.php on line 218
[23-Jan-2017 17:24:09 America/New_York] PHP Warning:  mysqli_real_escape_string() expects exactly 2 parameters, 1 given in /web/activities/quizbowl/public/loginPages/registerExecute.php on line 7
[23-Jan-2017 17:24:09 America/New_York] PHP Warning:  mysqli_real_escape_string() expects exactly 2 parameters, 1 given in /web/activities/quizbowl/public/loginPages/registerExecute.php on line 9
[23-Jan-2017 17:24:09 America/New_York] PHP Warning:  mysqli_real_escape_string() expects exactly 2 parameters, 1 given in /web/activities/quizbowl/public/loginPages/registerExecute.php on line 10
[23-Jan-2017 17:24:09 America/New_York] PHP Warning:  mysqli_real_escape_string() expects exactly 2 parameters, 1 given in /web/activities/quizbowl/public/loginPages/registerExecute.php on line 11
[23-Jan-2017 17:24:09 America/New_York] PHP Warning:  mysqli_real_escape_string() expects exactly 2 parameters, 1 given in /web/activities/quizbowl/public/loginPages/registerExecute.php on line 12
[23-Jan-2017 18:19:42 America/New_York] PHP Warning:  mysqli_real_escape_string() expects exactly 2 parameters, 1 given in /web/activities/quizbowl/public/loginPages/registerExecute.php on line 7
[23-Jan-2017 18:19:42 America/New_York] PHP Warning:  mysqli_real_escape_string() expects exactly 2 parameters, 1 given in /web/activities/quizbowl/public/loginPages/registerExecute.php on line 9
[23-Jan-2017 18:19:42 America/New_York] PHP Warning:  mysqli_real_escape_string() expects exactly 2 parameters, 1 given in /web/activities/quizbowl/public/loginPages/registerExecute.php on line 10
[23-Jan-2017 18:19:42 America/New_York] PHP Warning:  mysqli_real_escape_string() expects exactly 2 parameters, 1 given in /web/activities/quizbowl/public/loginPages/registerExecute.php on line 11
[23-Jan-2017 18:19:42 America/New_York] PHP Warning:  mysqli_real_escape_string() expects exactly 2 parameters, 1 given in /web/activities/quizbowl/public/loginPages/registerExecute.php on line 12
[23-Jan-2017 18:20:16 America/New_York] PHP Warning:  mysqli_real_escape_string() expects exactly 2 parameters, 1 given in /web/activities/quizbowl/public/loginPages/registerExecute.php on line 7
[23-Jan-2017 18:20:16 America/New_York] PHP Warning:  mysqli_real_escape_string() expects exactly 2 parameters, 1 given in /web/activities/quizbowl/public/loginPages/registerExecute.php on line 9
[23-Jan-2017 18:20:16 America/New_York] PHP Warning:  mysqli_real_escape_string() expects exactly 2 parameters, 1 given in /web/activities/quizbowl/public/loginPages/registerExecute.php on line 10
[23-Jan-2017 18:20:16 America/New_York] PHP Warning:  mysqli_real_escape_string() expects exactly 2 parameters, 1 given in /web/activities/quizbowl/public/loginPages/registerExecute.php on line 11
[23-Jan-2017 18:20:16 America/New_York] PHP Warning:  mysqli_real_escape_string() expects exactly 2 parameters, 1 given in /web/activities/quizbowl/public/loginPages/registerExecute.php on line 12
[23-Jan-2017 18:21:01 America/New_York] PHP Warning:  mysqli_real_escape_string() expects exactly 2 parameters, 1 given in /web/activities/quizbowl/public/loginPages/registerExecute.php on line 7
[23-Jan-2017 18:21:01 America/New_York] PHP Warning:  mysqli_real_escape_string() expects exactly 2 parameters, 1 given in /web/activities/quizbowl/public/loginPages/registerExecute.php on line 9
[23-Jan-2017 18:21:01 America/New_York] PHP Warning:  mysqli_real_escape_string() expects exactly 2 parameters, 1 given in /web/activities/quizbowl/public/loginPages/registerExecute.php on line 10
[23-Jan-2017 18:21:01 America/New_York] PHP Warning:  mysqli_real_escape_string() expects exactly 2 parameters, 1 given in /web/activities/quizbowl/public/loginPages/registerExecute.php on line 11
[23-Jan-2017 18:21:01 America/New_York] PHP Warning:  mysqli_real_escape_string() expects exactly 2 parameters, 1 given in /web/activities/quizbowl/public/loginPages/registerExecute.php on line 12
[24-Jan-2017 14:24:49 America/New_York] PHP Fatal error:  Uncaught Error: Call to undefined function mysql_connect() in /web/activities/quizbowl/public/memberPages/tournaments.php:223
Stack trace:
#0 {main}
  thrown in /web/activities/quizbowl/public/memberPages/tournaments.php on line 223
[24-Jan-2017 14:24:59 America/New_York] PHP Fatal error:  Uncaught Error: Call to undefined function mysql_connect() in /web/activities/quizbowl/public/memberPages/tournaments.php:223
Stack trace:
#0 {main}
  thrown in /web/activities/quizbowl/public/memberPages/tournaments.php on line 223
[24-Jan-2017 14:25:15 America/New_York] PHP Fatal error:  Uncaught Error: Call to undefined function mysql_connect() in /web/activities/quizbowl/public/memberPages/tournaments.php:223
Stack trace:
#0 {main}
  thrown in /web/activities/quizbowl/public/memberPages/tournaments.php on line 223
[24-Jan-2017 14:29:44 America/New_York] PHP Fatal error:  Uncaught Error: Call to undefined function mysql_connect() in /web/activities/quizbowl/public/loginPages/login_process.php:9
Stack trace:
#0 {main}
  thrown in /web/activities/quizbowl/public/loginPages/login_process.php on line 9
[24-Jan-2017 14:31:47 America/New_York] PHP Fatal error:  Uncaught Error: Call to undefined function mysql_connect() in /web/activities/quizbowl/public/memberPages/tournaments.php:223
Stack trace:
#0 {main}
  thrown in /web/activities/quizbowl/public/memberPages/tournaments.php on line 223
[24-Jan-2017 14:32:05 America/New_York] PHP Fatal error:  Uncaught Error: Call to undefined function mysql_connect() in /web/activities/quizbowl/public/memberPages/tournaments.php:223
Stack trace:
#0 {main}
  thrown in /web/activities/quizbowl/public/memberPages/tournaments.php on line 223
[24-Jan-2017 14:35:49 America/New_York] PHP Fatal error:  Uncaught Error: Call to undefined function mysql_connect() in /web/activities/quizbowl/public/memberPages/tournaments.php:223
Stack trace:
#0 {main}
  thrown in /web/activities/quizbowl/public/memberPages/tournaments.php on line 223
[24-Jan-2017 14:36:44 America/New_York] PHP Fatal error:  Uncaught Error: Call to undefined function mysql_connect() in /web/activities/quizbowl/public/memberPages/tournaments.php:223
Stack trace:
#0 {main}
  thrown in /web/activities/quizbowl/public/memberPages/tournaments.php on line 223
[24-Jan-2017 14:36:58 America/New_York] PHP Fatal error:  Uncaught Error: Call to undefined function mysql_connect() in /web/activities/quizbowl/public/memberPages/tournaments.php:223
Stack trace:
#0 {main}
  thrown in /web/activities/quizbowl/public/memberPages/tournaments.php on line 223
[24-Jan-2017 14:37:01 America/New_York] PHP Fatal error:  Uncaught Error: Call to undefined function mysql_connect() in /web/activities/quizbowl/public/memberPages/tournaments.php:223
Stack trace:
#0 {main}
  thrown in /web/activities/quizbowl/public/memberPages/tournaments.php on line 223
[24-Jan-2017 23:09:09 America/New_York] PHP Fatal error:  Uncaught Error: Call to undefined function mysql_connect() in /web/activities/quizbowl/public/memberPages/tournaments.php:223
Stack trace:
#0 {main}
  thrown in /web/activities/quizbowl/public/memberPages/tournaments.php on line 223
[24-Jan-2017 23:15:19 America/New_York] PHP Fatal error:  Uncaught Error: Call to undefined function mysql_connect() in /web/activities/quizbowl/public/memberPages/tournaments.php:223
Stack trace:
#0 {main}
  thrown in /web/activities/quizbowl/public/memberPages/tournaments.php on line 223
[24-Jan-2017 23:15:25 America/New_York] PHP Fatal error:  Uncaught Error: Call to undefined function mysql_connect() in /web/activities/quizbowl/public/memberPages/tournaments.php:223
Stack trace:
#0 {main}
  thrown in /web/activities/quizbowl/public/memberPages/tournaments.php on line 223
[24-Jan-2017 23:15:39 America/New_York] PHP Fatal error:  Uncaught Error: Call to undefined function mysql_connect() in /web/activities/quizbowl/public/memberPages/tournaments.php:223
Stack trace:
#0 {main}
  thrown in /web/activities/quizbowl/public/memberPages/tournaments.php on line 223
[24-Jan-2017 23:18:43 America/New_York] PHP Fatal error:  Uncaught Error: Call to undefined function mysql_connect() in /web/activities/quizbowl/public/memberPages/tournaments.php:228
Stack trace:
#0 {main}
  thrown in /web/activities/quizbowl/public/memberPages/tournaments.php on line 228
[24-Jan-2017 23:18:56 America/New_York] PHP Fatal error:  Uncaught Error: Call to undefined function mysql_connect() in /web/activities/quizbowl/public/loginPages/login_process.php:9
Stack trace:
#0 {main}
  thrown in /web/activities/quizbowl/public/loginPages/login_process.php on line 9
[24-Jan-2017 23:21:52 America/New_York] PHP Fatal error:  Uncaught Error: Call to undefined function mysql_connect() in /web/activities/quizbowl/public/memberPages/tournaments.php:223
Stack trace:
#0 {main}
  thrown in /web/activities/quizbowl/public/memberPages/tournaments.php on line 223
[24-Jan-2017 23:21:58 America/New_York] PHP Fatal error:  Uncaught Error: Call to undefined function mysql_connect() in /web/activities/quizbowl/public/memberPages/tournaments.php:223
Stack trace:
#0 {main}
  thrown in /web/activities/quizbowl/public/memberPages/tournaments.php on line 223
[24-Jan-2017 23:27:54 America/New_York] PHP Fatal error:  Uncaught Error: Call to undefined function mysql_connect() in /web/activities/quizbowl/public/memberPages/tournaments.php:226
Stack trace:
#0 {main}
  thrown in /web/activities/quizbowl/public/memberPages/tournaments.php on line 226
[03-Feb-2017 12:46:22 America/New_York] PHP Fatal error:  Uncaught Error: Call to undefined function mysql_connect() in /web/activities/quizbowl/public/memberPages/tournaments.php:226
Stack trace:
#0 {main}
  thrown in /web/activities/quizbowl/public/memberPages/tournaments.php on line 226
[03-Feb-2017 12:46:27 America/New_York] PHP Fatal error:  Uncaught Error: Call to undefined function mysql_connect() in /web/activities/quizbowl/public/memberPages/tournaments.php:226
Stack trace:
#0 {main}
  thrown in /web/activities/quizbowl/public/memberPages/tournaments.php on line 226
[03-Feb-2017 12:49:24 America/New_York] PHP Fatal error:  Uncaught Error: Call to undefined function mysql_connect() in /web/activities/quizbowl/public/memberPages/tournaments.php:226
Stack trace:
#0 {main}
  thrown in /web/activities/quizbowl/public/memberPages/tournaments.php on line 226
[03-Feb-2017 12:52:09 America/New_York] PHP Fatal error:  Uncaught Error: Call to undefined function mysql_connect() in /web/activities/quizbowl/public/memberPages/tournaments.php:226
Stack trace:
#0 {main}
  thrown in /web/activities/quizbowl/public/memberPages/tournaments.php on line 226
[03-Feb-2017 12:52:38 America/New_York] PHP Fatal error:  Uncaught Error: Call to undefined function mysql_connect() in /web/activities/quizbowl/public/memberPages/tournaments.php:226
Stack trace:
#0 {main}
  thrown in /web/activities/quizbowl/public/memberPages/tournaments.php on line 226
[03-Feb-2017 12:52:41 America/New_York] PHP Warning:  mysqli_num_rows() expects exactly 1 parameter, 2 given in /web/activities/quizbowl/public/memberPages/requirements.php on line 218
[06-Feb-2017 19:21:22 America/New_York] PHP Fatal error:  Uncaught Error: Call to undefined function mysql_connect() in /web/activities/quizbowl/public/memberPages/tournaments.php:228
Stack trace:
#0 {main}
  thrown in /web/activities/quizbowl/public/memberPages/tournaments.php on line 228
[06-Feb-2017 19:24:23 America/New_York] PHP Fatal error:  Uncaught Error: Call to undefined function mysql_connect() in /web/activities/quizbowl/public/memberPages/tournaments.php:228
Stack trace:
#0 {main}
  thrown in /web/activities/quizbowl/public/memberPages/tournaments.php on line 228
[06-Feb-2017 19:24:31 America/New_York] PHP Fatal error:  Uncaught Error: Call to undefined function mysql_connect() in /web/activities/quizbowl/public/memberPages/tournaments.php:228
Stack trace:
#0 {main}
  thrown in /web/activities/quizbowl/public/memberPages/tournaments.php on line 228
[08-Feb-2017 01:07:56 America/New_York] PHP Fatal error:  Uncaught Error: Call to undefined function mysql_connect() in /web/activities/quizbowl/public/memberPages/tournaments.php:228
Stack trace:
#0 {main}
  thrown in /web/activities/quizbowl/public/memberPages/tournaments.php on line 228
[08-Feb-2017 01:08:57 America/New_York] PHP Warning:  mysqli_num_rows() expects exactly 1 parameter, 2 given in /web/activities/quizbowl/public/memberPages/requirements.php on line 218
[09-Feb-2017 09:36:44 America/New_York] PHP Warning:  mysqli_real_escape_string() expects exactly 2 parameters, 1 given in /web/activities/quizbowl/public/loginPages/registerExecute.php on line 7
[09-Feb-2017 09:36:44 America/New_York] PHP Warning:  mysqli_real_escape_string() expects exactly 2 parameters, 1 given in /web/activities/quizbowl/public/loginPages/registerExecute.php on line 9
[09-Feb-2017 09:36:44 America/New_York] PHP Warning:  mysqli_real_escape_string() expects exactly 2 parameters, 1 given in /web/activities/quizbowl/public/loginPages/registerExecute.php on line 10
[09-Feb-2017 09:36:44 America/New_York] PHP Warning:  mysqli_real_escape_string() expects exactly 2 parameters, 1 given in /web/activities/quizbowl/public/loginPages/registerExecute.php on line 11
[09-Feb-2017 09:36:44 America/New_York] PHP Warning:  mysqli_real_escape_string() expects exactly 2 parameters, 1 given in /web/activities/quizbowl/public/loginPages/registerExecute.php on line 12
[11-Feb-2017 15:06:31 America/New_York] PHP Warning:  mysqli_real_escape_string() expects exactly 2 parameters, 1 given in /web/activities/quizbowl/public/loginPages/registerExecute.php on line 7
[11-Feb-2017 15:06:31 America/New_York] PHP Warning:  mysqli_real_escape_string() expects exactly 2 parameters, 1 given in /web/activities/quizbowl/public/loginPages/registerExecute.php on line 9
[11-Feb-2017 15:06:31 America/New_York] PHP Warning:  mysqli_real_escape_string() expects exactly 2 parameters, 1 given in /web/activities/quizbowl/public/loginPages/registerExecute.php on line 10
[11-Feb-2017 15:06:31 America/New_York] PHP Warning:  mysqli_real_escape_string() expects exactly 2 parameters, 1 given in /web/activities/quizbowl/public/loginPages/registerExecute.php on line 11
[11-Feb-2017 15:06:31 America/New_York] PHP Warning:  mysqli_real_escape_string() expects exactly 2 parameters, 1 given in /web/activities/quizbowl/public/loginPages/registerExecute.php on line 12
[20-Feb-2017 18:41:08 America/New_York] PHP Warning:  mysqli_real_escape_string() expects exactly 2 parameters, 1 given in /web/activities/quizbowl/public/loginPages/registerExecute.php on line 7
[20-Feb-2017 18:41:08 America/New_York] PHP Warning:  mysqli_real_escape_string() expects exactly 2 parameters, 1 given in /web/activities/quizbowl/public/loginPages/registerExecute.php on line 9
[20-Feb-2017 18:41:08 America/New_York] PHP Warning:  mysqli_real_escape_string() expects exactly 2 parameters, 1 given in /web/activities/quizbowl/public/loginPages/registerExecute.php on line 10
[20-Feb-2017 18:41:08 America/New_York] PHP Warning:  mysqli_real_escape_string() expects exactly 2 parameters, 1 given in /web/activities/quizbowl/public/loginPages/registerExecute.php on line 11
[20-Feb-2017 18:41:08 America/New_York] PHP Warning:  mysqli_real_escape_string() expects exactly 2 parameters, 1 given in /web/activities/quizbowl/public/loginPages/registerExecute.php on line 12
[20-Feb-2017 18:41:25 America/New_York] PHP Warning:  mysqli_real_escape_string() expects exactly 2 parameters, 1 given in /web/activities/quizbowl/public/loginPages/registerExecute.php on line 7
[20-Feb-2017 18:41:25 America/New_York] PHP Warning:  mysqli_real_escape_string() expects exactly 2 parameters, 1 given in /web/activities/quizbowl/public/loginPages/registerExecute.php on line 9
[20-Feb-2017 18:41:25 America/New_York] PHP Warning:  mysqli_real_escape_string() expects exactly 2 parameters, 1 given in /web/activities/quizbowl/public/loginPages/registerExecute.php on line 10
[20-Feb-2017 18:41:25 America/New_York] PHP Warning:  mysqli_real_escape_string() expects exactly 2 parameters, 1 given in /web/activities/quizbowl/public/loginPages/registerExecute.php on line 11
[20-Feb-2017 18:41:25 America/New_York] PHP Warning:  mysqli_real_escape_string() expects exactly 2 parameters, 1 given in /web/activities/quizbowl/public/loginPages/registerExecute.php on line 12
[22-Mar-2017 19:33:15 America/New_York] PHP Warning:  mysqli_real_escape_string() expects exactly 2 parameters, 1 given in /web/activities/quizbowl/public/loginPages/registerExecute.php on line 7
[22-Mar-2017 19:33:15 America/New_York] PHP Warning:  mysqli_real_escape_string() expects exactly 2 parameters, 1 given in /web/activities/quizbowl/public/loginPages/registerExecute.php on line 9
[22-Mar-2017 19:33:15 America/New_York] PHP Warning:  mysqli_real_escape_string() expects exactly 2 parameters, 1 given in /web/activities/quizbowl/public/loginPages/registerExecute.php on line 10
[22-Mar-2017 19:33:15 America/New_York] PHP Warning:  mysqli_real_escape_string() expects exactly 2 parameters, 1 given in /web/activities/quizbowl/public/loginPages/registerExecute.php on line 11
[22-Mar-2017 19:33:15 America/New_York] PHP Warning:  mysqli_real_escape_string() expects exactly 2 parameters, 1 given in /web/activities/quizbowl/public/loginPages/registerExecute.php on line 12
[23-Mar-2017 21:25:18 America/New_York] PHP Warning:  mysqli_real_escape_string() expects exactly 2 parameters, 1 given in /web/activities/quizbowl/public/loginPages/registerExecute.php on line 7
[23-Mar-2017 21:25:18 America/New_York] PHP Warning:  mysqli_real_escape_string() expects exactly 2 parameters, 1 given in /web/activities/quizbowl/public/loginPages/registerExecute.php on line 9
[23-Mar-2017 21:25:18 America/New_York] PHP Warning:  mysqli_real_escape_string() expects exactly 2 parameters, 1 given in /web/activities/quizbowl/public/loginPages/registerExecute.php on line 10
[23-Mar-2017 21:25:18 America/New_York] PHP Warning:  mysqli_real_escape_string() expects exactly 2 parameters, 1 given in /web/activities/quizbowl/public/loginPages/registerExecute.php on line 11
[23-Mar-2017 21:25:18 America/New_York] PHP Warning:  mysqli_real_escape_string() expects exactly 2 parameters, 1 given in /web/activities/quizbowl/public/loginPages/registerExecute.php on line 12
[23-Mar-2017 21:25:34 America/New_York] PHP Warning:  mysqli_real_escape_string() expects exactly 2 parameters, 1 given in /web/activities/quizbowl/public/loginPages/registerExecute.php on line 7
[23-Mar-2017 21:25:34 America/New_York] PHP Warning:  mysqli_real_escape_string() expects exactly 2 parameters, 1 given in /web/activities/quizbowl/public/loginPages/registerExecute.php on line 9
[23-Mar-2017 21:25:34 America/New_York] PHP Warning:  mysqli_real_escape_string() expects exactly 2 parameters, 1 given in /web/activities/quizbowl/public/loginPages/registerExecute.php on line 10
[23-Mar-2017 21:25:34 America/New_York] PHP Warning:  mysqli_real_escape_string() expects exactly 2 parameters, 1 given in /web/activities/quizbowl/public/loginPages/registerExecute.php on line 11
[23-Mar-2017 21:25:34 America/New_York] PHP Warning:  mysqli_real_escape_string() expects exactly 2 parameters, 1 given in /web/activities/quizbowl/public/loginPages/registerExecute.php on line 12
[06-Apr-2017 11:01:11 America/New_York] PHP Notice:  Undefined index: username in /web/activities/quizbowl/public/loginPages/login_process.php on line 3
[06-Apr-2017 11:01:11 America/New_York] PHP Notice:  Undefined index: password in /web/activities/quizbowl/public/loginPages/login_process.php on line 4
[06-Apr-2017 11:06:22 America/New_York] PHP Notice:  Undefined index: username in /web/activities/quizbowl/public/loginPages/login_process.php on line 3
[06-Apr-2017 11:06:22 America/New_York] PHP Notice:  Undefined index: password in /web/activities/quizbowl/public/loginPages/login_process.php on line 4
[06-Apr-2017 11:12:40 America/New_York] PHP Warning:  mysqli_real_escape_string() expects exactly 2 parameters, 1 given in /web/activities/quizbowl/public/loginPages/registerExecute.php on line 7
[06-Apr-2017 11:12:40 America/New_York] PHP Warning:  mysqli_real_escape_string() expects exactly 2 parameters, 1 given in /web/activities/quizbowl/public/loginPages/registerExecute.php on line 9
[06-Apr-2017 11:12:40 America/New_York] PHP Warning:  mysqli_real_escape_string() expects exactly 2 parameters, 1 given in /web/activities/quizbowl/public/loginPages/registerExecute.php on line 10
[06-Apr-2017 11:12:40 America/New_York] PHP Warning:  mysqli_real_escape_string() expects exactly 2 parameters, 1 given in /web/activities/quizbowl/public/loginPages/registerExecute.php on line 11
[06-Apr-2017 11:12:40 America/New_York] PHP Warning:  mysqli_real_escape_string() expects exactly 2 parameters, 1 given in /web/activities/quizbowl/public/loginPages/registerExecute.php on line 12
[06-Apr-2017 11:24:00 America/New_York] PHP Warning:  mysqli_real_escape_string() expects exactly 2 parameters, 1 given in /web/activities/quizbowl/public/loginPages/registerExecute.php on line 7
[06-Apr-2017 11:24:00 America/New_York] PHP Warning:  mysqli_real_escape_string() expects exactly 2 parameters, 1 given in /web/activities/quizbowl/public/loginPages/registerExecute.php on line 9
[06-Apr-2017 11:24:00 America/New_York] PHP Warning:  mysqli_real_escape_string() expects exactly 2 parameters, 1 given in /web/activities/quizbowl/public/loginPages/registerExecute.php on line 10
[06-Apr-2017 11:24:00 America/New_York] PHP Warning:  mysqli_real_escape_string() expects exactly 2 parameters, 1 given in /web/activities/quizbowl/public/loginPages/registerExecute.php on line 11
[06-Apr-2017 11:24:00 America/New_York] PHP Warning:  mysqli_real_escape_string() expects exactly 2 parameters, 1 given in /web/activities/quizbowl/public/loginPages/registerExecute.php on line 12
[16-Apr-2017 12:03:41 America/New_York] PHP Fatal error:  Uncaught Error: Call to undefined function mysql_connect() in /web/activities/quizbowl/public/memberPages/tournaments.php:228
Stack trace:
#0 {main}
  thrown in /web/activities/quizbowl/public/memberPages/tournaments.php on line 228
[16-Apr-2017 12:05:28 America/New_York] PHP Warning:  mysqli_real_escape_string() expects exactly 2 parameters, 1 given in /web/activities/quizbowl/public/loginPages/registerExecute.php on line 7
[16-Apr-2017 12:05:28 America/New_York] PHP Warning:  mysqli_real_escape_string() expects exactly 2 parameters, 1 given in /web/activities/quizbowl/public/loginPages/registerExecute.php on line 9
[16-Apr-2017 12:05:28 America/New_York] PHP Warning:  mysqli_real_escape_string() expects exactly 2 parameters, 1 given in /web/activities/quizbowl/public/loginPages/registerExecute.php on line 10
[16-Apr-2017 12:05:28 America/New_York] PHP Warning:  mysqli_real_escape_string() expects exactly 2 parameters, 1 given in /web/activities/quizbowl/public/loginPages/registerExecute.php on line 11
[16-Apr-2017 12:05:28 America/New_York] PHP Warning:  mysqli_real_escape_string() expects exactly 2 parameters, 1 given in /web/activities/quizbowl/public/loginPages/registerExecute.php on line 12
[16-Apr-2017 12:05:43 America/New_York] PHP Warning:  mysqli_real_escape_string() expects exactly 2 parameters, 1 given in /web/activities/quizbowl/public/loginPages/registerExecute.php on line 7
[16-Apr-2017 12:05:43 America/New_York] PHP Warning:  mysqli_real_escape_string() expects exactly 2 parameters, 1 given in /web/activities/quizbowl/public/loginPages/registerExecute.php on line 9
[16-Apr-2017 12:05:43 America/New_York] PHP Warning:  mysqli_real_escape_string() expects exactly 2 parameters, 1 given in /web/activities/quizbowl/public/loginPages/registerExecute.php on line 10
[16-Apr-2017 12:05:43 America/New_York] PHP Warning:  mysqli_real_escape_string() expects exactly 2 parameters, 1 given in /web/activities/quizbowl/public/loginPages/registerExecute.php on line 11
[16-Apr-2017 12:05:43 America/New_York] PHP Warning:  mysqli_real_escape_string() expects exactly 2 parameters, 1 given in /web/activities/quizbowl/public/loginPages/registerExecute.php on line 12
[27-Apr-2017 02:33:51 America/New_York] PHP Warning:  mysqli_real_escape_string() expects exactly 2 parameters, 1 given in /web/activities/quizbowl/public/loginPages/registerExecute.php on line 7
[27-Apr-2017 02:33:51 America/New_York] PHP Warning:  mysqli_real_escape_string() expects exactly 2 parameters, 1 given in /web/activities/quizbowl/public/loginPages/registerExecute.php on line 9
[27-Apr-2017 02:33:51 America/New_York] PHP Warning:  mysqli_real_escape_string() expects exactly 2 parameters, 1 given in /web/activities/quizbowl/public/loginPages/registerExecute.php on line 10
[27-Apr-2017 02:33:51 America/New_York] PHP Warning:  mysqli_real_escape_string() expects exactly 2 parameters, 1 given in /web/activities/quizbowl/public/loginPages/registerExecute.php on line 11
[27-Apr-2017 02:33:51 America/New_York] PHP Warning:  mysqli_real_escape_string() expects exactly 2 parameters, 1 given in /web/activities/quizbowl/public/loginPages/registerExecute.php on line 12
[05-May-2017 15:17:31 America/New_York] PHP Warning:  mysqli_real_escape_string() expects exactly 2 parameters, 1 given in /web/activities/quizbowl/public/loginPages/registerExecute.php on line 7
[05-May-2017 15:17:31 America/New_York] PHP Warning:  mysqli_real_escape_string() expects exactly 2 parameters, 1 given in /web/activities/quizbowl/public/loginPages/registerExecute.php on line 9
[05-May-2017 15:17:31 America/New_York] PHP Warning:  mysqli_real_escape_string() expects exactly 2 parameters, 1 given in /web/activities/quizbowl/public/loginPages/registerExecute.php on line 10
[05-May-2017 15:17:31 America/New_York] PHP Warning:  mysqli_real_escape_string() expects exactly 2 parameters, 1 given in /web/activities/quizbowl/public/loginPages/registerExecute.php on line 11
[05-May-2017 15:17:31 America/New_York] PHP Warning:  mysqli_real_escape_string() expects exactly 2 parameters, 1 given in /web/activities/quizbowl/public/loginPages/registerExecute.php on line 12
[05-May-2017 15:17:59 America/New_York] PHP Warning:  mysqli_real_escape_string() expects exactly 2 parameters, 1 given in /web/activities/quizbowl/public/loginPages/registerExecute.php on line 7
[05-May-2017 15:17:59 America/New_York] PHP Warning:  mysqli_real_escape_string() expects exactly 2 parameters, 1 given in /web/activities/quizbowl/public/loginPages/registerExecute.php on line 9
[05-May-2017 15:17:59 America/New_York] PHP Warning:  mysqli_real_escape_string() expects exactly 2 parameters, 1 given in /web/activities/quizbowl/public/loginPages/registerExecute.php on line 10
[05-May-2017 15:17:59 America/New_York] PHP Warning:  mysqli_real_escape_string() expects exactly 2 parameters, 1 given in /web/activities/quizbowl/public/loginPages/registerExecute.php on line 11
[05-May-2017 15:17:59 America/New_York] PHP Warning:  mysqli_real_escape_string() expects exactly 2 parameters, 1 given in /web/activities/quizbowl/public/loginPages/registerExecute.php on line 12
[22-May-2017 05:49:58 America/New_York] PHP Notice:  Undefined index: username in /web/activities/quizbowl/public/loginPages/login_process.php on line 3
[22-May-2017 05:49:58 America/New_York] PHP Notice:  Undefined index: password in /web/activities/quizbowl/public/loginPages/login_process.php on line 4
[22-May-2017 06:00:41 America/New_York] PHP Warning:  mysqli_real_escape_string() expects exactly 2 parameters, 1 given in /web/activities/quizbowl/public/loginPages/registerExecute.php on line 7
[22-May-2017 06:00:41 America/New_York] PHP Warning:  mysqli_real_escape_string() expects exactly 2 parameters, 1 given in /web/activities/quizbowl/public/loginPages/registerExecute.php on line 9
[22-May-2017 06:00:41 America/New_York] PHP Warning:  mysqli_real_escape_string() expects exactly 2 parameters, 1 given in /web/activities/quizbowl/public/loginPages/registerExecute.php on line 10
[22-May-2017 06:00:41 America/New_York] PHP Warning:  mysqli_real_escape_string() expects exactly 2 parameters, 1 given in /web/activities/quizbowl/public/loginPages/registerExecute.php on line 11
[22-May-2017 06:00:41 America/New_York] PHP Warning:  mysqli_real_escape_string() expects exactly 2 parameters, 1 given in /web/activities/quizbowl/public/loginPages/registerExecute.php on line 12
[23-May-2017 11:51:49 America/New_York] PHP Warning:  mysqli_real_escape_string() expects exactly 2 parameters, 1 given in /web/activities/quizbowl/public/loginPages/registerExecute.php on line 7
[23-May-2017 11:51:49 America/New_York] PHP Warning:  mysqli_real_escape_string() expects exactly 2 parameters, 1 given in /web/activities/quizbowl/public/loginPages/registerExecute.php on line 9
[23-May-2017 11:51:49 America/New_York] PHP Warning:  mysqli_real_escape_string() expects exactly 2 parameters, 1 given in /web/activities/quizbowl/public/loginPages/registerExecute.php on line 10
[23-May-2017 11:51:49 America/New_York] PHP Warning:  mysqli_real_escape_string() expects exactly 2 parameters, 1 given in /web/activities/quizbowl/public/loginPages/registerExecute.php on line 11
[23-May-2017 11:51:49 America/New_York] PHP Warning:  mysqli_real_escape_string() expects exactly 2 parameters, 1 given in /web/activities/quizbowl/public/loginPages/registerExecute.php on line 12
[06-Jun-2017 08:29:17 America/New_York] PHP Warning:  mysqli_connect(): (HY000/2002): Failed to parse address &quot;mysql1:3306:3306&quot; in /web/activities/quizbowl/public/loginPages/mySQLimport.php on line 16
[06-Jun-2017 16:16:36 America/New_York] PHP Warning:  mysqli_connect(): (HY000/2002): Failed to parse address &quot;mysql1:3306:3306&quot; in /web/activities/quizbowl/public/loginPages/mySQLimport.php on line 16
[06-Jun-2017 20:46:17 America/New_York] PHP Warning:  mysqli_connect(): (HY000/2002): Failed to parse address &quot;mysql1:3306:3306&quot; in /web/activities/quizbowl/public/loginPages/mySQLimport.php on line 16
[07-Jun-2017 16:18:01 America/New_York] PHP Warning:  mysqli_connect(): (HY000/2002): Failed to parse address &quot;mysql1:3306:3306&quot; in /web/activities/quizbowl/public/loginPages/mySQLimport.php on line 16
[10-Jun-2017 10:54:47 America/New_York] PHP Warning:  mysqli_connect(): (HY000/2002): Failed to parse address &quot;mysql1:3306:3306&quot; in /web/activities/quizbowl/public/loginPages/mySQLimport.php on line 16
[11-Jun-2017 11:43:16 America/New_York] PHP Warning:  mysqli_connect(): (HY000/2002): Failed to parse address &quot;mysql1:3306:3306&quot; in /web/activities/quizbowl/public/loginPages/mySQLimport.php on line 16
[11-Jun-2017 11:43:20 America/New_York] PHP Warning:  mysqli_connect(): (HY000/2002): Failed to parse address &quot;mysql1:3306:3306&quot; in /web/activities/quizbowl/public/loginPages/mySQLimport.php on line 16
[11-Jun-2017 14:43:32 America/New_York] PHP Warning:  mysqli_connect(): (HY000/2002): Failed to parse address &quot;mysql1:3306:3306&quot; in /web/activities/quizbowl/public/loginPages/mySQLimport.php on line 16
[13-Jun-2017 17:18:28 America/New_York] PHP Warning:  mysqli_connect(): (HY000/2002): Failed to parse address &quot;mysql1:3306:3306&quot; in /web/activities/quizbowl/public/loginPages/mySQLimport.php on line 16
[13-Jun-2017 22:21:43 America/New_York] PHP Warning:  mysqli_connect(): (HY000/2002): Failed to parse address &quot;mysql1:3306:3306&quot; in /web/activities/quizbowl/public/loginPages/mySQLimport.php on line 16
[14-Jun-2017 13:29:10 America/New_York] PHP Warning:  mysqli_connect(): (HY000/2002): Failed to parse address &quot;mysql1:3306:3306&quot; in /web/activities/quizbowl/public/loginPages/mySQLimport.php on line 16
[14-Jun-2017 18:36:50 America/New_York] PHP Warning:  mysqli_connect(): (HY000/2002): Failed to parse address &quot;mysql1:3306:3306&quot; in /web/activities/quizbowl/public/loginPages/mySQLimport.php on line 16
[15-Jun-2017 21:46:47 America/New_York] PHP Warning:  mysqli_connect(): (HY000/2002): Failed to parse address &quot;mysql1:3306:3306&quot; in /web/activities/quizbowl/public/loginPages/mySQLimport.php on line 16
[15-Jun-2017 21:46:50 America/New_York] PHP Warning:  mysqli_connect(): (HY000/2002): Failed to parse address &quot;mysql1:3306:3306&quot; in /web/activities/quizbowl/public/loginPages/mySQLimport.php on line 16
[15-Jun-2017 21:47:29 America/New_York] PHP Warning:  mysqli_connect(): (HY000/2002): Failed to parse address &quot;mysql1:3306:3306&quot; in /web/activities/quizbowl/public/loginPages/mySQLimport.php on line 16
[15-Jun-2017 21:50:10 America/New_York] PHP Warning:  mysqli_connect(): (HY000/2002): Failed to parse address &quot;mysql1:3306:3306&quot; in /web/activities/quizbowl/public/loginPages/mySQLimport.php on line 16
[15-Jun-2017 21:50:14 America/New_York] PHP Warning:  mysqli_connect(): (HY000/2002): Failed to parse address &quot;mysql1:3306:3306&quot; in /web/activities/quizbowl/public/loginPages/mySQLimport.php on line 16
[15-Jun-2017 21:52:45 America/New_York] PHP Warning:  mysqli_connect(): (HY000/2002): Failed to parse address &quot;mysql1:3306:3306&quot; in /web/activities/quizbowl/public/loginPages/mySQLimport.php on line 16
[15-Jun-2017 22:02:52 America/New_York] PHP Warning:  mysqli_connect(): (HY000/2002): Failed to parse address &quot;mysql1:3306:3306&quot; in /web/activities/quizbowl/public/loginPages/mySQLimport.php on line 16
[25-Jun-2017 22:12:06 America/New_York] PHP Parse error:  syntax error, unexpected '\' (T_NS_SEPARATOR), expecting identifier (T_STRING) in /web/activities/quizbowl/public/indexTEST.php on line 78
[25-Jun-2017 22:12:07 America/New_York] PHP Parse error:  syntax error, unexpected '\' (T_NS_SEPARATOR), expecting identifier (T_STRING) in /web/activities/quizbowl/public/indexTEST.php on line 78
[25-Jun-2017 22:14:50 America/New_York] PHP Warning:  require(Client.php): failed to open stream: No such file or directory in /web/activities/quizbowl/public/indexTEST.php on line 3
[25-Jun-2017 22:14:50 America/New_York] PHP Fatal error:  require(): Failed opening required 'Client.php' (include_path='.:/usr/share/php') in /web/activities/quizbowl/public/indexTEST.php on line 3
[25-Jun-2017 22:14:51 America/New_York] PHP Warning:  require(Client.php): failed to open stream: No such file or directory in /web/activities/quizbowl/public/indexTEST.php on line 3
[25-Jun-2017 22:14:51 America/New_York] PHP Fatal error:  require(): Failed opening required 'Client.php' (include_path='.:/usr/share/php') in /web/activities/quizbowl/public/indexTEST.php on line 3
[25-Jun-2017 22:20:05 America/New_York] PHP Parse error:  syntax error, unexpected '\' (T_NS_SEPARATOR), expecting identifier (T_STRING) in /web/activities/quizbowl/public/indexTEST.php on line 13
[25-Jun-2017 22:31:01 America/New_York] PHP Parse error:  syntax error, unexpected '\' (T_NS_SEPARATOR), expecting identifier (T_STRING) in /web/activities/quizbowl/public/indexTEST.php on line 13
[25-Jun-2017 22:42:08 America/New_York] PHP Parse error:  syntax error, unexpected '\' (T_NS_SEPARATOR), expecting identifier (T_STRING) in /web/activities/quizbowl/public/indexTEST.php on line 13
[25-Jun-2017 22:45:19 America/New_York] PHP Fatal error:  Uncaught OAuth2\Exception: The PHP exention curl must be installed to use this library. in /web/activities/quizbowl/public/Client.php:135
Stack trace:
#0 /web/activities/quizbowl/public/indexTEST.php(13): OAuth2\Client->__construct('your client id', 'your client sec...')
#1 {main}
  thrown in /web/activities/quizbowl/public/Client.php on line 135
[25-Jun-2017 22:45:20 America/New_York] PHP Fatal error:  Uncaught OAuth2\Exception: The PHP exention curl must be installed to use this library. in /web/activities/quizbowl/public/Client.php:135
Stack trace:
#0 /web/activities/quizbowl/public/indexTEST.php(13): OAuth2\Client->__construct('your client id', 'your client sec...')
#1 {main}
  thrown in /web/activities/quizbowl/public/Client.php on line 135
[25-Jun-2017 22:45:21 America/New_York] PHP Fatal error:  Uncaught OAuth2\Exception: The PHP exention curl must be installed to use this library. in /web/activities/quizbowl/public/Client.php:135
Stack trace:
#0 /web/activities/quizbowl/public/indexTEST.php(13): OAuth2\Client->__construct('your client id', 'your client sec...')
#1 {main}
  thrown in /web/activities/quizbowl/public/Client.php on line 135
[25-Jun-2017 22:45:43 America/New_York] PHP Fatal error:  Uncaught OAuth2\Exception: The PHP exention curl must be installed to use this library. in /web/activities/quizbowl/public/Client.php:135
Stack trace:
#0 /web/activities/quizbowl/public/indexTEST.php(14): OAuth2\Client->__construct('your client id', 'your client sec...')
#1 {main}
  thrown in /web/activities/quizbowl/public/Client.php on line 135
[25-Jun-2017 22:45:44 America/New_York] PHP Fatal error:  Uncaught OAuth2\Exception: The PHP exention curl must be installed to use this library. in /web/activities/quizbowl/public/Client.php:135
Stack trace:
#0 /web/activities/quizbowl/public/indexTEST.php(14): OAuth2\Client->__construct('your client id', 'your client sec...')
#1 {main}
  thrown in /web/activities/quizbowl/public/Client.php on line 135
[25-Jun-2017 22:46:30 America/New_York] PHP Fatal error:  Uncaught OAuth2\Exception: The PHP exention curl must be installed to use this library. in /web/activities/quizbowl/public/Client.php:135
Stack trace:
#0 /web/activities/quizbowl/public/indexTEST.php(14): OAuth2\Client->__construct('5pRFuM42JUhlYKb...', 'FsnTDazcLsBEEtv...')
#1 {main}
  thrown in /web/activities/quizbowl/public/Client.php on line 135
[25-Jun-2017 22:47:04 America/New_York] PHP Fatal error:  Uncaught OAuth2\Exception: The PHP exention curl must be installed to use this library. in /web/activities/quizbowl/public/Client.php:135
Stack trace:
#0 /web/activities/quizbowl/public/indexTEST.php(14): OAuth2\Client->__construct('5pRFuM42JUhlYKb...', 'FsnTDazcLsBEEtv...')
#1 {main}
  thrown in /web/activities/quizbowl/public/Client.php on line 135
[25-Jun-2017 22:55:03 America/New_York] PHP Fatal error:  Uncaught OAuth2\Exception: The PHP exention curl must be installed to use this library. in /web/activities/quizbowl/public/Client.php:135
Stack trace:
#0 /web/activities/quizbowl/public/indexTEST.php(14): OAuth2\Client->__construct('5pRFuM42JUhlYKb...', 'FsnTDazcLsBEEtv...')
#1 {main}
  thrown in /web/activities/quizbowl/public/Client.php on line 135
[25-Jun-2017 22:55:04 America/New_York] PHP Fatal error:  Uncaught OAuth2\Exception: The PHP exention curl must be installed to use this library. in /web/activities/quizbowl/public/Client.php:135
Stack trace:
#0 /web/activities/quizbowl/public/indexTEST.php(14): OAuth2\Client->__construct('5pRFuM42JUhlYKb...', 'FsnTDazcLsBEEtv...')
#1 {main}
  thrown in /web/activities/quizbowl/public/Client.php on line 135
[25-Jun-2017 22:55:05 America/New_York] PHP Fatal error:  Uncaught OAuth2\Exception: The PHP exention curl must be installed to use this library. in /web/activities/quizbowl/public/Client.php:135
Stack trace:
#0 /web/activities/quizbowl/public/indexTEST.php(14): OAuth2\Client->__construct('5pRFuM42JUhlYKb...', 'FsnTDazcLsBEEtv...')
#1 {main}
  thrown in /web/activities/quizbowl/public/Client.php on line 135
[25-Jun-2017 22:55:05 America/New_York] PHP Fatal error:  Uncaught OAuth2\Exception: The PHP exention curl must be installed to use this library. in /web/activities/quizbowl/public/Client.php:135
Stack trace:
#0 /web/activities/quizbowl/public/indexTEST.php(14): OAuth2\Client->__construct('5pRFuM42JUhlYKb...', 'FsnTDazcLsBEEtv...')
#1 {main}
  thrown in /web/activities/quizbowl/public/Client.php on line 135
[25-Jun-2017 22:55:06 America/New_York] PHP Fatal error:  Uncaught OAuth2\Exception: The PHP exention curl must be installed to use this library. in /web/activities/quizbowl/public/Client.php:135
Stack trace:
#0 /web/activities/quizbowl/public/indexTEST.php(14): OAuth2\Client->__construct('5pRFuM42JUhlYKb...', 'FsnTDazcLsBEEtv...')
#1 {main}
  thrown in /web/activities/quizbowl/public/Client.php on line 135
[25-Jun-2017 22:55:06 America/New_York] PHP Fatal error:  Uncaught OAuth2\Exception: The PHP exention curl must be installed to use this library. in /web/activities/quizbowl/public/Client.php:135
Stack trace:
#0 /web/activities/quizbowl/public/indexTEST.php(14): OAuth2\Client->__construct('5pRFuM42JUhlYKb...', 'FsnTDazcLsBEEtv...')
#1 {main}
  thrown in /web/activities/quizbowl/public/Client.php on line 135
[25-Jun-2017 22:55:07 America/New_York] PHP Fatal error:  Uncaught OAuth2\Exception: The PHP exention curl must be installed to use this library. in /web/activities/quizbowl/public/Client.php:135
Stack trace:
#0 /web/activities/quizbowl/public/indexTEST.php(14): OAuth2\Client->__construct('5pRFuM42JUhlYKb...', 'FsnTDazcLsBEEtv...')
#1 {main}
  thrown in /web/activities/quizbowl/public/Client.php on line 135
[25-Jun-2017 22:55:34 America/New_York] PHP Fatal error:  Uncaught OAuth2\Exception: The PHP exention curl must be installed to use this library. in /web/activities/quizbowl/public/Client.php:135
Stack trace:
#0 /web/activities/quizbowl/public/indexTEST.php(55): OAuth2\Client->__construct('5pRFuM42JUhlYKb...', 'FsnTDazcLsBEEtv...')
#1 {main}
  thrown in /web/activities/quizbowl/public/Client.php on line 135
[25-Jun-2017 22:56:09 America/New_York] PHP Fatal error:  Uncaught OAuth2\Exception: The PHP exention curl must be installed to use this library. in /web/activities/quizbowl/public/Client.php:135
Stack trace:
#0 /web/activities/quizbowl/public/indexTEST.php(75): OAuth2\Client->__construct('5pRFuM42JUhlYKb...', 'FsnTDazcLsBEEtv...')
#1 {main}
  thrown in /web/activities/quizbowl/public/Client.php on line 135
[25-Jun-2017 22:56:10 America/New_York] PHP Fatal error:  Uncaught OAuth2\Exception: The PHP exention curl must be installed to use this library. in /web/activities/quizbowl/public/Client.php:135
Stack trace:
#0 /web/activities/quizbowl/public/indexTEST.php(75): OAuth2\Client->__construct('5pRFuM42JUhlYKb...', 'FsnTDazcLsBEEtv...')
#1 {main}
  thrown in /web/activities/quizbowl/public/Client.php on line 135
[25-Jun-2017 22:56:43 America/New_York] PHP Fatal error:  Uncaught OAuth2\Exception: The PHP exention curl must be installed to use this library. in /web/activities/quizbowl/public/Client.php:135
Stack trace:
#0 /web/activities/quizbowl/public/indexTEST.php(75): OAuth2\Client->__construct('5pRFuM42JUhlYKb...', 'FsnTDazcLsBEEtv...')
#1 {main}
  thrown in /web/activities/quizbowl/public/Client.php on line 135
[25-Jun-2017 22:56:45 America/New_York] PHP Fatal error:  Uncaught OAuth2\Exception: The PHP exention curl must be installed to use this library. in /web/activities/quizbowl/public/Client.php:135
Stack trace:
#0 /web/activities/quizbowl/public/indexTEST.php(75): OAuth2\Client->__construct('5pRFuM42JUhlYKb...', 'FsnTDazcLsBEEtv...')
#1 {main}
  thrown in /web/activities/quizbowl/public/Client.php on line 135
[14-Sep-2017 22:42:36 America/New_York] PHP Warning:  session_start(): open(/var/lib/php/sessions/sess_0ong6q8d3buff1f2psl8cjr057, O_RDWR) failed: Permission denied (13) in /web/activities/quizbowl/public/publicPages/tournamentSignup.php on line 2
[14-Sep-2017 22:42:36 America/New_York] PHP Warning:  Unknown: open(/var/lib/php/sessions/sess_0ong6q8d3buff1f2psl8cjr057, O_RDWR) failed: Permission denied (13) in Unknown on line 0
[14-Sep-2017 22:42:36 America/New_York] PHP Warning:  Unknown: Failed to write session data (files). Please verify that the current setting of session.save_path is correct (/var/lib/php/sessions) in Unknown on line 0
[14-Sep-2017 23:07:24 America/New_York] PHP Warning:  session_start(): open(/var/lib/php/sessions/sess_0ong6q8d3buff1f2psl8cjr057, O_RDWR) failed: Permission denied (13) in /web/activities/quizbowl/public/publicPages/contact.php on line 2
[14-Sep-2017 23:07:24 America/New_York] PHP Warning:  Unknown: open(/var/lib/php/sessions/sess_0ong6q8d3buff1f2psl8cjr057, O_RDWR) failed: Permission denied (13) in Unknown on line 0
[14-Sep-2017 23:07:24 America/New_York] PHP Warning:  Unknown: Failed to write session data (files). Please verify that the current setting of session.save_path is correct (/var/lib/php/sessions) in Unknown on line 0
[14-Sep-2017 23:07:26 America/New_York] PHP Warning:  session_start(): open(/var/lib/php/sessions/sess_0ong6q8d3buff1f2psl8cjr057, O_RDWR) failed: Permission denied (13) in /web/activities/quizbowl/public/publicPages/aboutquizbowl.php on line 2
[14-Sep-2017 23:07:26 America/New_York] PHP Warning:  Unknown: open(/var/lib/php/sessions/sess_0ong6q8d3buff1f2psl8cjr057, O_RDWR) failed: Permission denied (13) in Unknown on line 0
[14-Sep-2017 23:07:26 America/New_York] PHP Warning:  Unknown: Failed to write session data (files). Please verify that the current setting of session.save_path is correct (/var/lib/php/sessions) in Unknown on line 0
[14-Sep-2017 23:35:54 America/New_York] PHP Warning:  session_start(): open(/var/lib/php/sessions/sess_0ong6q8d3buff1f2psl8cjr057, O_RDWR) failed: Permission denied (13) in /web/activities/quizbowl/public/index.php on line 2
[14-Sep-2017 23:35:54 America/New_York] PHP Warning:  Unknown: open(/var/lib/php/sessions/sess_0ong6q8d3buff1f2psl8cjr057, O_RDWR) failed: Permission denied (13) in Unknown on line 0
[14-Sep-2017 23:35:54 America/New_York] PHP Warning:  Unknown: Failed to write session data (files). Please verify that the current setting of session.save_path is correct (/var/lib/php/sessions) in Unknown on line 0
[16-Sep-2017 20:36:18 America/New_York] PHP Warning:  session_start(): open(/var/lib/php/sessions/sess_71ngn086jtvmpjsnjgad1da827, O_RDWR) failed: Permission denied (13) in /web/activities/quizbowl/public/index.php on line 2
[16-Sep-2017 20:36:18 America/New_York] PHP Warning:  Unknown: open(/var/lib/php/sessions/sess_71ngn086jtvmpjsnjgad1da827, O_RDWR) failed: Permission denied (13) in Unknown on line 0
[16-Sep-2017 20:36:18 America/New_York] PHP Warning:  Unknown: Failed to write session data (files). Please verify that the current setting of session.save_path is correct (/var/lib/php/sessions) in Unknown on line 0
[16-Sep-2017 20:36:22 America/New_York] PHP Warning:  session_start(): open(/var/lib/php/sessions/sess_71ngn086jtvmpjsnjgad1da827, O_RDWR) failed: Permission denied (13) in /web/activities/quizbowl/public/publicPages/tournamentSignup.php on line 2
[16-Sep-2017 20:36:22 America/New_York] PHP Warning:  Unknown: open(/var/lib/php/sessions/sess_71ngn086jtvmpjsnjgad1da827, O_RDWR) failed: Permission denied (13) in Unknown on line 0
[16-Sep-2017 20:36:22 America/New_York] PHP Warning:  Unknown: Failed to write session data (files). Please verify that the current setting of session.save_path is correct (/var/lib/php/sessions) in Unknown on line 0
[16-Sep-2017 20:37:08 America/New_York] PHP Warning:  session_start(): open(/var/lib/php/sessions/sess_71ngn086jtvmpjsnjgad1da827, O_RDWR) failed: Permission denied (13) in /web/activities/quizbowl/public/publicPages/quizbowlatTJ.php on line 2
[16-Sep-2017 20:37:08 America/New_York] PHP Warning:  Unknown: open(/var/lib/php/sessions/sess_71ngn086jtvmpjsnjgad1da827, O_RDWR) failed: Permission denied (13) in Unknown on line 0
[16-Sep-2017 20:37:08 America/New_York] PHP Warning:  Unknown: Failed to write session data (files). Please verify that the current setting of session.save_path is correct (/var/lib/php/sessions) in Unknown on line 0
[16-Sep-2017 20:37:51 America/New_York] PHP Warning:  session_start(): open(/var/lib/php/sessions/sess_71ngn086jtvmpjsnjgad1da827, O_RDWR) failed: Permission denied (13) in /web/activities/quizbowl/public/publicPages/aboutquizbowl.php on line 2
[16-Sep-2017 20:37:51 America/New_York] PHP Warning:  Unknown: open(/var/lib/php/sessions/sess_71ngn086jtvmpjsnjgad1da827, O_RDWR) failed: Permission denied (13) in Unknown on line 0
[16-Sep-2017 20:37:51 America/New_York] PHP Warning:  Unknown: Failed to write session data (files). Please verify that the current setting of session.save_path is correct (/var/lib/php/sessions) in Unknown on line 0
[27-Sep-2017 18:57:41 America/New_York] PHP Warning:  session_start(): open(/var/lib/php/sessions/sess_5ris9hsdfn4c5tnorlkdbf3ik0, O_RDWR) failed: Permission denied (13) in /web/activities/quizbowl/public/index.php on line 2
[27-Sep-2017 18:57:41 America/New_York] PHP Warning:  Unknown: open(/var/lib/php/sessions/sess_5ris9hsdfn4c5tnorlkdbf3ik0, O_RDWR) failed: Permission denied (13) in Unknown on line 0
[27-Sep-2017 18:57:41 America/New_York] PHP Warning:  Unknown: Failed to write session data (files). Please verify that the current setting of session.save_path is correct (/var/lib/php/sessions) in Unknown on line 0
[27-Sep-2017 18:57:45 America/New_York] PHP Warning:  session_start(): open(/var/lib/php/sessions/sess_5ris9hsdfn4c5tnorlkdbf3ik0, O_RDWR) failed: Permission denied (13) in /web/activities/quizbowl/public/publicPages/tournamentSignup.php on line 2
[27-Sep-2017 18:57:45 America/New_York] PHP Warning:  Unknown: open(/var/lib/php/sessions/sess_5ris9hsdfn4c5tnorlkdbf3ik0, O_RDWR) failed: Permission denied (13) in Unknown on line 0
[27-Sep-2017 18:57:45 America/New_York] PHP Warning:  Unknown: Failed to write session data (files). Please verify that the current setting of session.save_path is correct (/var/lib/php/sessions) in Unknown on line 0
[15-Oct-2017 10:13:32 America/New_York] PHP Warning:  session_start(): open(/var/lib/php/sessions/sess_7kr28sp4do656gqrjk6lhuomu2, O_RDWR) failed: Permission denied (13) in /web/activities/quizbowl/public/index.php on line 2
[15-Oct-2017 10:13:32 America/New_York] PHP Warning:  Unknown: open(/var/lib/php/sessions/sess_7kr28sp4do656gqrjk6lhuomu2, O_RDWR) failed: Permission denied (13) in Unknown on line 0
[15-Oct-2017 10:13:32 America/New_York] PHP Warning:  Unknown: Failed to write session data (files). Please verify that the current setting of session.save_path is correct (/var/lib/php/sessions) in Unknown on line 0
[15-Oct-2017 10:13:43 America/New_York] PHP Warning:  session_start(): open(/var/lib/php/sessions/sess_7kr28sp4do656gqrjk6lhuomu2, O_RDWR) failed: Permission denied (13) in /web/activities/quizbowl/public/publicPages/tournamentSignup.php on line 2
[15-Oct-2017 10:13:43 America/New_York] PHP Warning:  Unknown: open(/var/lib/php/sessions/sess_7kr28sp4do656gqrjk6lhuomu2, O_RDWR) failed: Permission denied (13) in Unknown on line 0
[15-Oct-2017 10:13:43 America/New_York] PHP Warning:  Unknown: Failed to write session data (files). Please verify that the current setting of session.save_path is correct (/var/lib/php/sessions) in Unknown on line 0
[15-Oct-2017 10:13:57 America/New_York] PHP Warning:  session_start(): open(/var/lib/php/sessions/sess_7kr28sp4do656gqrjk6lhuomu2, O_RDWR) failed: Permission denied (13) in /web/activities/quizbowl/public/publicPages/tournamentSignup.php on line 2
[15-Oct-2017 10:13:57 America/New_York] PHP Warning:  Unknown: open(/var/lib/php/sessions/sess_7kr28sp4do656gqrjk6lhuomu2, O_RDWR) failed: Permission denied (13) in Unknown on line 0
[15-Oct-2017 10:13:57 America/New_York] PHP Warning:  Unknown: Failed to write session data (files). Please verify that the current setting of session.save_path is correct (/var/lib/php/sessions) in Unknown on line 0
[19-Oct-2017 21:39:06 America/New_York] PHP Warning:  session_start(): open(/var/lib/php/sessions/sess_v1suqgukv9jef10r9qgrbae1s4, O_RDWR) failed: Permission denied (13) in /web/activities/quizbowl/public/index.php on line 2
[19-Oct-2017 21:39:06 America/New_York] PHP Warning:  Unknown: open(/var/lib/php/sessions/sess_v1suqgukv9jef10r9qgrbae1s4, O_RDWR) failed: Permission denied (13) in Unknown on line 0
[19-Oct-2017 21:39:06 America/New_York] PHP Warning:  Unknown: Failed to write session data (files). Please verify that the current setting of session.save_path is correct (/var/lib/php/sessions) in Unknown on line 0
[19-Oct-2017 21:39:08 America/New_York] PHP Warning:  session_start(): open(/var/lib/php/sessions/sess_v1suqgukv9jef10r9qgrbae1s4, O_RDWR) failed: Permission denied (13) in /web/activities/quizbowl/public/publicPages/tournamentSignup.php on line 2
[19-Oct-2017 21:39:08 America/New_York] PHP Warning:  Unknown: open(/var/lib/php/sessions/sess_v1suqgukv9jef10r9qgrbae1s4, O_RDWR) failed: Permission denied (13) in Unknown on line 0
[19-Oct-2017 21:39:08 America/New_York] PHP Warning:  Unknown: Failed to write session data (files). Please verify that the current setting of session.save_path is correct (/var/lib/php/sessions) in Unknown on line 0
[12-Nov-2017 04:27:33 America/New_York] PHP Warning:  session_start(): open(/var/lib/php/sessions/sess_scoecmi2u8kvf5vg0dhst5dj14, O_RDWR) failed: Permission denied (13) in /web/activities/quizbowl/public/publicPages/tournamentSignup.php on line 2
[12-Nov-2017 04:27:33 America/New_York] PHP Warning:  Unknown: open(/var/lib/php/sessions/sess_scoecmi2u8kvf5vg0dhst5dj14, O_RDWR) failed: Permission denied (13) in Unknown on line 0
[12-Nov-2017 04:27:33 America/New_York] PHP Warning:  Unknown: Failed to write session data (files). Please verify that the current setting of session.save_path is correct (/var/lib/php/sessions) in Unknown on line 0
[12-Nov-2017 04:27:36 America/New_York] PHP Warning:  session_start(): open(/var/lib/php/sessions/sess_scoecmi2u8kvf5vg0dhst5dj14, O_RDWR) failed: Permission denied (13) in /web/activities/quizbowl/public/publicPages/awards.php on line 2
[12-Nov-2017 04:27:36 America/New_York] PHP Warning:  Unknown: open(/var/lib/php/sessions/sess_scoecmi2u8kvf5vg0dhst5dj14, O_RDWR) failed: Permission denied (13) in Unknown on line 0
[12-Nov-2017 04:27:36 America/New_York] PHP Warning:  Unknown: Failed to write session data (files). Please verify that the current setting of session.save_path is correct (/var/lib/php/sessions) in Unknown on line 0
[25-Nov-2017 08:23:04 America/New_York] PHP Warning:  session_start(): open(/var/lib/php/sessions/sess_qdosb6a2rh2jvsi0vjblc6mt34, O_RDWR) failed: Permission denied (13) in /web/activities/quizbowl/public/index.php on line 2
[25-Nov-2017 08:23:04 America/New_York] PHP Warning:  Unknown: open(/var/lib/php/sessions/sess_qdosb6a2rh2jvsi0vjblc6mt34, O_RDWR) failed: Permission denied (13) in Unknown on line 0
[25-Nov-2017 08:23:04 America/New_York] PHP Warning:  Unknown: Failed to write session data (files). Please verify that the current setting of session.save_path is correct (/var/lib/php/sessions) in Unknown on line 0
[25-Nov-2017 08:23:08 America/New_York] PHP Warning:  session_start(): open(/var/lib/php/sessions/sess_qdosb6a2rh2jvsi0vjblc6mt34, O_RDWR) failed: Permission denied (13) in /web/activities/quizbowl/public/publicPages/tournamentSignup.php on line 2
[25-Nov-2017 08:23:08 America/New_York] PHP Warning:  Unknown: open(/var/lib/php/sessions/sess_qdosb6a2rh2jvsi0vjblc6mt34, O_RDWR) failed: Permission denied (13) in Unknown on line 0
[25-Nov-2017 08:23:08 America/New_York] PHP Warning:  Unknown: Failed to write session data (files). Please verify that the current setting of session.save_path is correct (/var/lib/php/sessions) in Unknown on line 0
[22-Dec-2017 13:12:13 America/New_York] PHP Warning:  session_start(): open(/var/lib/php/sessions/sess_0j0cjatastrbclg60tsu50mcs2, O_RDWR) failed: Permission denied (13) in /web/activities/quizbowl/public/publicPages/tournamentSignup.php on line 2
[22-Dec-2017 13:12:13 America/New_York] PHP Warning:  Unknown: open(/var/lib/php/sessions/sess_0j0cjatastrbclg60tsu50mcs2, O_RDWR) failed: Permission denied (13) in Unknown on line 0
[22-Dec-2017 13:12:13 America/New_York] PHP Warning:  Unknown: Failed to write session data (files). Please verify that the current setting of session.save_path is correct (/var/lib/php/sessions) in Unknown on line 0
[22-Dec-2017 13:12:16 America/New_York] PHP Warning:  session_start(): open(/var/lib/php/sessions/sess_0j0cjatastrbclg60tsu50mcs2, O_RDWR) failed: Permission denied (13) in /web/activities/quizbowl/public/publicPages/awards.php on line 2
[22-Dec-2017 13:12:16 America/New_York] PHP Warning:  Unknown: open(/var/lib/php/sessions/sess_0j0cjatastrbclg60tsu50mcs2, O_RDWR) failed: Permission denied (13) in Unknown on line 0
[22-Dec-2017 13:12:16 America/New_York] PHP Warning:  Unknown: Failed to write session data (files). Please verify that the current setting of session.save_path is correct (/var/lib/php/sessions) in Unknown on line 0
