[2015-09-30 16:13:54] Executing bootstrap tasks
[2015-09-30 16:13:54] Product org.eclipse.products.epp.package.java.mars
[2015-09-30 16:13:54] Bundle org.eclipse.oomph.setup 1.2.0.v20150915-0926, build=1814, branch=eb0b1f7778043c7fd6d4905affdf226f3b346cb2, commit=eb0b1f7778043c7fd6d4905affdf226f3b346cb2
[2015-09-30 16:13:54] Bundle org.eclipse.oomph.setup.core 1.2.0.v20150915-0926, build=1814, branch=eb0b1f7778043c7fd6d4905affdf226f3b346cb2, commit=eb0b1f7778043c7fd6d4905affdf226f3b346cb2
[2015-09-30 16:13:54] Bundle org.eclipse.oomph.setup.p2 1.2.0.v20150915-0926, build=1814, branch=eb0b1f7778043c7fd6d4905affdf226f3b346cb2, commit=eb0b1f7778043c7fd6d4905affdf226f3b346cb2
[2015-09-30 16:13:54] Performing P2 Director (Eclipse IDE for Java Developers (Mars))
[2015-09-30 16:13:54] Offline = false
[2015-09-30 16:13:54] Mirrors = true
[2015-09-30 16:13:54] Resolving 5 requirements from 3 repositories to /Users/kevinw/Applications/Eclipse.app/Contents/Eclipse
[2015-09-30 16:13:54] Requirement epp.package.java [4.5.0,4.6.0)
[2015-09-30 16:13:54] Requirement org.eclipse.platform.feature.group [4.5.0,4.6.0)
[2015-09-30 16:13:54] Requirement org.eclipse.rcp.feature.group [4.5.0,4.6.0)
[2015-09-30 16:13:54] Requirement org.eclipse.jdt.feature.group [3.11.0,3.12.0)
[2015-09-30 16:13:54] Requirement org.eclipse.oomph.setup.feature.group
[2015-09-30 16:13:54] Repository http://download.eclipse.org/technology/epp/packages/mars/R
[2015-09-30 16:13:54] Repository http://download.eclipse.org/releases/mars/201506241002
[2015-09-30 16:13:54] Repository http://download.eclipse.org/oomph/updates/milestone/latest
[2015-09-30 16:13:57] Calculating requirements and dependencies.
[2015-09-30 16:13:58] Computing prerequisite plan
[2015-09-30 16:13:59] Downloading epp.package.java.executable.cocoa.macosx.x86_64
[2015-09-30 16:13:59] Downloading org.eclipse.platform.ide.executable.cocoa.macosx.x86_64
[2015-09-30 16:13:59] Downloading org.eclipse.platform_root
[2015-09-30 16:13:59] Downloading org.eclipse.rcp_root
[2015-09-30 16:14:03] Installing a.jre.javase [1.6.0]
[2015-09-30 16:14:03] Installing ch.qos.logback.classic [1.0.7.v20121108-1250]
[2015-09-30 16:14:03] Installing ch.qos.logback.core [1.0.7.v20121108-1250]
[2015-09-30 16:14:03] Installing ch.qos.logback.slf4j [1.0.7.v201505121915]
[2015-09-30 16:14:03] Installing com.google.gson [2.2.4.v201311231704]
[2015-09-30 16:14:03] Installing com.google.guava [15.0.0.v201403281430]
[2015-09-30 16:14:03] Installing com.google.inject [3.0.0.v201312141243]
[2015-09-30 16:14:03] Installing com.google.inject.multibindings [3.0.0.v201402270930]
[2015-09-30 16:14:03] Installing com.ibm.icu [54.1.1.v201501272100]
[2015-09-30 16:14:03] Installing com.jcraft.jsch [0.1.51.v201410302000]
[2015-09-30 16:14:03] Installing com.sun.el [2.2.0.v201303151357]
[2015-09-30 16:14:03] Installing config.a.jre.javase [1.6.0]
[2015-09-30 16:14:03] Installing epp.package.java [4.5.0.20150621-1200]
[2015-09-30 16:14:03] Installing epp.package.java.executable.cocoa.macosx.x86_64 [4.5.0.20150621-1200]
[2015-09-30 16:14:03] Installing epp.package.java.executable.cocoa.macosx.x86_64.eclipse [4.5.0.20150621-1200]
[2015-09-30 16:14:03] Installing javaewah [0.7.9.v201401101600]
[2015-09-30 16:14:03] Installing javax.annotation [1.2.0.v201401042248]
[2015-09-30 16:14:03] Installing javax.el [2.2.0.v201303151357]
[2015-09-30 16:14:03] Installing javax.inject [1.0.0.v20091030]
[2015-09-30 16:14:03] Installing javax.servlet [3.1.0.v201410161800]
[2015-09-30 16:14:03] Installing javax.servlet.jsp [2.2.0.v201112011158]
[2015-09-30 16:14:03] Installing javax.xml [1.3.4.v201005080400]
[2015-09-30 16:14:03] Installing org.apache.ant [1.9.4.v201504302020]
[2015-09-30 16:14:03] Installing org.apache.batik.css [1.7.0.v201011041433]
[2015-09-30 16:14:03] Installing org.apache.batik.util [1.7.0.v201011041433]
[2015-09-30 16:14:03] Installing org.apache.batik.util.gui [1.7.0.v200903091627]
[2015-09-30 16:14:03] Installing org.apache.commons.codec [1.6.0.v201305230611]
[2015-09-30 16:14:03] Installing org.apache.commons.compress [1.6.0.v201310281400]
[2015-09-30 16:14:03] Installing org.apache.commons.httpclient [3.1.0.v201012070820]
[2015-09-30 16:14:03] Installing org.apache.commons.io [2.2.0.v201405211200]
[2015-09-30 16:14:03] Installing org.apache.commons.jxpath [1.3.0.v200911051830]
[2015-09-30 16:14:03] Installing org.apache.commons.lang [2.6.0.v201404270220]
[2015-09-30 16:14:03] Installing org.apache.commons.lang3 [3.1.0.v201403281430]
[2015-09-30 16:14:03] Installing org.apache.commons.logging [1.1.1.v201101211721]
[2015-09-30 16:14:03] Installing org.apache.commons.math [2.1.0.v201105210652]
[2015-09-30 16:14:03] Installing org.apache.commons.pool [1.6.0.v201204271246]
[2015-09-30 16:14:03] Installing org.apache.felix.gogo.command [0.10.0.v201209301215]
[2015-09-30 16:14:03] Installing org.apache.felix.gogo.runtime [0.10.0.v201209301036]
[2015-09-30 16:14:03] Installing org.apache.felix.gogo.shell [0.10.0.v201212101605]
[2015-09-30 16:14:03] Installing org.apache.httpcomponents.httpclient [4.3.6.v201411290715]
[2015-09-30 16:14:03] Installing org.apache.httpcomponents.httpcore [4.3.3.v201411290715]
[2015-09-30 16:14:03] Installing org.apache.jasper.glassfish [2.2.2.v201501141630]
[2015-09-30 16:14:03] Installing org.apache.log4j [1.2.15.v201012070815]
[2015-09-30 16:14:03] Installing org.apache.lucene.analysis [3.5.0.v20120725-1805]
[2015-09-30 16:14:03] Installing org.apache.lucene.core [3.5.0.v20120725-1805]
[2015-09-30 16:14:03] Installing org.apache.solr.client.solrj [3.5.0.v20150506-0844]
[2015-09-30 16:14:03] Installing org.apache.ws.commons.util [1.0.1.v20100518-1140]
[2015-09-30 16:14:03] Installing org.apache.xerces [2.9.0.v201101211617]
[2015-09-30 16:14:03] Installing org.apache.xml.resolver [1.2.0.v201005080400]
[2015-09-30 16:14:03] Installing org.apache.xml.serializer [2.7.1.v201005080400]
[2015-09-30 16:14:03] Installing org.apache.xmlrpc [3.0.0.v20100427-1100]
[2015-09-30 16:14:03] Installing org.eclipse.aether.api [1.0.1.v20141111]
[2015-09-30 16:14:03] Installing org.eclipse.aether.connector.basic [1.0.1.v20141111]
[2015-09-30 16:14:03] Installing org.eclipse.aether.connector.basic.feature.feature.group [1.0.1.v20141111]
[2015-09-30 16:14:03] Installing org.eclipse.aether.connector.basic.feature.feature.jar [1.0.1.v20141111]
[2015-09-30 16:14:03] Installing org.eclipse.aether.feature.feature.group [1.0.1.v20141111]
[2015-09-30 16:14:03] Installing org.eclipse.aether.feature.feature.jar [1.0.1.v20141111]
[2015-09-30 16:14:03] Installing org.eclipse.aether.impl [1.0.1.v20141111]
[2015-09-30 16:14:03] Installing org.eclipse.aether.maven [3.1.0.v20140706-2237]
[2015-09-30 16:14:03] Installing org.eclipse.aether.maven.feature.feature.group [3.1.0.20140706-2237]
[2015-09-30 16:14:03] Installing org.eclipse.aether.maven.feature.feature.jar [3.1.0.20140706-2237]
[2015-09-30 16:14:03] Installing org.eclipse.aether.spi [1.0.1.v20141111]
[2015-09-30 16:14:03] Installing org.eclipse.aether.transport.file [1.0.1.v20141111]
[2015-09-30 16:14:03] Installing org.eclipse.aether.transport.file.feature.feature.group [1.0.1.v20141111]
[2015-09-30 16:14:03] Installing org.eclipse.aether.transport.file.feature.feature.jar [1.0.1.v20141111]
[2015-09-30 16:14:03] Installing org.eclipse.aether.transport.http [1.0.1.v20141111]
[2015-09-30 16:14:03] Installing org.eclipse.aether.transport.http.feature.feature.group [1.0.1.v20141111]
[2015-09-30 16:14:03] Installing org.eclipse.aether.transport.http.feature.feature.jar [1.0.1.v20141111]
[2015-09-30 16:14:03] Installing org.eclipse.aether.util [1.0.1.v20141111]
[2015-09-30 16:14:03] Installing org.eclipse.ant.core [3.4.0.v20150428-1928]
[2015-09-30 16:14:03] Installing org.eclipse.ant.launching [1.1.0.v20150428-1928]
[2015-09-30 16:14:03] Installing org.eclipse.ant.ui [3.6.0.v20150428-1928]
[2015-09-30 16:14:03] Installing org.eclipse.compare [3.5.600.v20150420-1449]
[2015-09-30 16:14:03] Installing org.eclipse.compare.core [3.5.500.v20150505-1058]
[2015-09-30 16:14:03] Installing org.eclipse.core.commands [3.7.0.v20150422-0725]
[2015-09-30 16:14:03] Installing org.eclipse.core.contenttype [3.5.0.v20150421-2214]
[2015-09-30 16:14:03] Installing org.eclipse.core.databinding [1.5.0.v20150422-0725]
[2015-09-30 16:14:03] Installing org.eclipse.core.databinding.beans [1.3.0.v20150422-0725]
[2015-09-30 16:14:03] Installing org.eclipse.core.databinding.observable [1.5.0.v20150422-0725]
[2015-09-30 16:14:03] Installing org.eclipse.core.databinding.property [1.5.0.v20150422-0725]
[2015-09-30 16:14:03] Installing org.eclipse.core.expressions [3.5.0.v20150421-2214]
[2015-09-30 16:14:03] Installing org.eclipse.core.externaltools [1.0.300.v20140219-0051]
[2015-09-30 16:14:03] Installing org.eclipse.core.filebuffers [3.5.500.v20140723-1040]
[2015-09-30 16:14:03] Installing org.eclipse.core.filesystem [1.5.0.v20150421-0713]
[2015-09-30 16:14:03] Installing org.eclipse.core.filesystem.java7 [1.0.100.v20150423-0754]
[2015-09-30 16:14:03] Installing org.eclipse.core.filesystem.macosx [1.3.0.v20140124-1940]
[2015-09-30 16:14:03] Installing org.eclipse.core.jobs [3.7.0.v20150330-2103]
[2015-09-30 16:14:03] Installing org.eclipse.core.net [1.2.300.v20141118-1725]
[2015-09-30 16:14:03] Installing org.eclipse.core.resources [3.10.0.v20150423-0755]
[2015-09-30 16:14:03] Installing org.eclipse.core.runtime [3.11.0.v20150405-1723]
[2015-09-30 16:14:03] Installing org.eclipse.core.runtime.compatibility [3.2.300.v20150423-0821]
[2015-09-30 16:14:03] Installing org.eclipse.core.runtime.compatibility.registry [3.6.0.v20150318-1505]
[2015-09-30 16:14:03] Installing org.eclipse.core.variables [3.2.800.v20130819-1716]
[2015-09-30 16:14:03] Installing org.eclipse.debug.core [3.10.0.v20150303-1130]
[2015-09-30 16:14:03] Installing org.eclipse.debug.ui [3.11.0.v20150514-0917]
[2015-09-30 16:14:03] Installing org.eclipse.draw2d [3.10.0.201506010206]
[2015-09-30 16:14:03] Installing org.eclipse.e4.core.commands [0.11.0.v20150422-0725]
[2015-09-30 16:14:03] Installing org.eclipse.e4.core.contexts [1.4.0.v20150421-2214]
[2015-09-30 16:14:03] Installing org.eclipse.e4.core.di [1.5.0.v20150421-2214]
[2015-09-30 16:14:03] Installing org.eclipse.e4.core.di.annotations [1.4.0.v20150528-1451]
[2015-09-30 16:14:03] Installing org.eclipse.e4.core.di.extensions [0.13.0.v20150421-2214]
[2015-09-30 16:14:03] Installing org.eclipse.e4.core.services [2.0.0.v20150403-1912]
[2015-09-30 16:14:03] Installing org.eclipse.e4.emf.xpath [0.1.100.v20150513-0856]
[2015-09-30 16:14:03] Installing org.eclipse.e4.rcp.feature.group [1.4.0.v20150603-0857]
[2015-09-30 16:14:03] Installing org.eclipse.e4.rcp.feature.jar [1.4.0.v20150603-0857]
[2015-09-30 16:14:03] Installing org.eclipse.e4.ui.bindings [0.11.0.v20150422-0725]
[2015-09-30 16:14:03] Installing org.eclipse.e4.ui.css.core [0.11.0.v20150511-1937]
[2015-09-30 16:14:03] Installing org.eclipse.e4.ui.css.swt [0.12.0.v20150511-1003]
[2015-09-30 16:14:03] Installing org.eclipse.e4.ui.css.swt.theme [0.10.0.v20150422-0725]
[2015-09-30 16:14:03] Installing org.eclipse.e4.ui.di [1.1.0.v20150422-0725]
[2015-09-30 16:14:03] Installing org.eclipse.e4.ui.dialogs [1.0.0.v20150513-0856]
[2015-09-30 16:14:03] Installing org.eclipse.e4.ui.model.workbench [1.1.100.v20150407-1430]
[2015-09-30 16:14:03] Installing org.eclipse.e4.ui.services [1.2.0.v20150422-0725]
[2015-09-30 16:14:03] Installing org.eclipse.e4.ui.widgets [1.1.0.v20150427-1751]
[2015-09-30 16:14:03] Installing org.eclipse.e4.ui.workbench [1.3.0.v20150531-1948]
[2015-09-30 16:14:03] Installing org.eclipse.e4.ui.workbench.addons.swt [1.2.0.v20150512-1414]
[2015-09-30 16:14:03] Installing org.eclipse.e4.ui.workbench.renderers.swt [0.13.0.v20150603-0857]
[2015-09-30 16:14:03] Installing org.eclipse.e4.ui.workbench.renderers.swt.cocoa [0.11.300.v20150507-1945]
[2015-09-30 16:14:03] Installing org.eclipse.e4.ui.workbench.swt [0.13.0.v20150504-0621]
[2015-09-30 16:14:03] Installing org.eclipse.e4.ui.workbench3 [0.13.0.v20150422-0725]
[2015-09-30 16:14:03] Installing org.eclipse.ecf [3.4.0.v20150512-1727]
[2015-09-30 16:14:03] Installing org.eclipse.ecf.core.feature.feature.group [1.1.0.v20150512-1727]
[2015-09-30 16:14:03] Installing org.eclipse.ecf.core.feature.feature.jar [1.1.0.v20150512-1727]
[2015-09-30 16:14:03] Installing org.eclipse.ecf.core.ssl.feature.feature.group [1.0.0.v20150512-1727]
[2015-09-30 16:14:03] Installing org.eclipse.ecf.core.ssl.feature.feature.jar [1.0.0.v20150512-1727]
[2015-09-30 16:14:03] Installing org.eclipse.ecf.filetransfer [5.0.0.v20150512-1727]
[2015-09-30 16:14:03] Installing org.eclipse.ecf.filetransfer.feature.feature.group [3.10.0.v20150512-1727]
[2015-09-30 16:14:03] Installing org.eclipse.ecf.filetransfer.feature.feature.jar [3.10.0.v20150512-1727]
[2015-09-30 16:14:03] Installing org.eclipse.ecf.filetransfer.httpclient4.feature.feature.group [3.10.0.v20150512-1727]
[2015-09-30 16:14:03] Installing org.eclipse.ecf.filetransfer.httpclient4.feature.feature.jar [3.10.0.v20150512-1727]
[2015-09-30 16:14:03] Installing org.eclipse.ecf.filetransfer.httpclient4.ssl.feature.feature.group [1.0.0.v20150512-1727]
[2015-09-30 16:14:03] Installing org.eclipse.ecf.filetransfer.httpclient4.ssl.feature.feature.jar [1.0.0.v20150512-1727]
[2015-09-30 16:14:03] Installing org.eclipse.ecf.filetransfer.ssl.feature.feature.group [1.0.0.v20150512-1727]
[2015-09-30 16:14:03] Installing org.eclipse.ecf.filetransfer.ssl.feature.feature.jar [1.0.0.v20150512-1727]
[2015-09-30 16:14:03] Installing org.eclipse.ecf.identity [3.5.0.v20150512-1727]
[2015-09-30 16:14:03] Installing org.eclipse.ecf.provider.filetransfer [3.2.200.v20150512-1727]
[2015-09-30 16:14:03] Installing org.eclipse.ecf.provider.filetransfer.httpclient4 [1.0.1043.v20150512-1727]
[2015-09-30 16:14:03] Installing org.eclipse.ecf.provider.filetransfer.httpclient4.ssl [1.0.0.v20150512-1727]
[2015-09-30 16:14:03] Installing org.eclipse.ecf.provider.filetransfer.ssl [1.0.0.v20150512-1727]
[2015-09-30 16:14:03] Installing org.eclipse.ecf.ssl [1.1.0.v20150512-1727]
[2015-09-30 16:14:03] Installing org.eclipse.egit [4.0.0.201506090130-r]
[2015-09-30 16:14:03] Installing org.eclipse.egit.core [4.0.0.201506090130-r]
[2015-09-30 16:14:03] Installing org.eclipse.egit.doc [4.0.0.201506090130-r]
[2015-09-30 16:14:03] Installing org.eclipse.egit.feature.group [4.0.0.201506090130-r]
[2015-09-30 16:14:03] Installing org.eclipse.egit.feature.jar [4.0.0.201506090130-r]
[2015-09-30 16:14:03] Installing org.eclipse.egit.mylyn.feature.group [4.0.0.201506090130-r]
[2015-09-30 16:14:03] Installing org.eclipse.egit.mylyn.feature.jar [4.0.0.201506090130-r]
[2015-09-30 16:14:03] Installing org.eclipse.egit.mylyn.ui [4.0.0.201506090130-r]
[2015-09-30 16:14:03] Installing org.eclipse.egit.ui [4.0.0.201506090130-r]
[2015-09-30 16:14:03] Installing org.eclipse.emf.common [2.11.0.v20150512-0501]
[2015-09-30 16:14:03] Installing org.eclipse.emf.common.feature.group [2.11.0.v20150512-0501]
[2015-09-30 16:14:03] Installing org.eclipse.emf.common.feature.jar [2.11.0.v20150512-0501]
[2015-09-30 16:14:03] Installing org.eclipse.emf.common.ui [2.10.0.v20150601-0402]
[2015-09-30 16:14:03] Installing org.eclipse.emf.databinding [1.3.0.v20150601-0402]
[2015-09-30 16:14:03] Installing org.eclipse.emf.ecore [2.11.0.v20150512-0501]
[2015-09-30 16:14:03] Installing org.eclipse.emf.ecore.change [2.11.0.v20150512-0501]
[2015-09-30 16:14:03] Installing org.eclipse.emf.ecore.edit [2.9.0.v20150601-0402]
[2015-09-30 16:14:03] Installing org.eclipse.emf.ecore.feature.group [2.11.0.v20150512-0501]
[2015-09-30 16:14:03] Installing org.eclipse.emf.ecore.feature.jar [2.11.0.v20150512-0501]
[2015-09-30 16:14:03] Installing org.eclipse.emf.ecore.xmi [2.11.0.v20150512-0501]
[2015-09-30 16:14:03] Installing org.eclipse.emf.edit [2.11.0.v20150601-0402]
[2015-09-30 16:14:03] Installing org.eclipse.emf.edit.ui [2.11.0.v20150601-0402]
[2015-09-30 16:14:03] Installing org.eclipse.epp.logging.aeri.feature.feature.group [1.0.0.v20150617-0732]
[2015-09-30 16:14:03] Installing org.eclipse.epp.logging.aeri.feature.feature.jar [1.0.0.v20150617-0732]
[2015-09-30 16:14:03] Installing org.eclipse.epp.logging.aeri.ui [1.0.0.v20150617-0732]
[2015-09-30 16:14:03] Installing org.eclipse.epp.mpc.core [1.4.0.v20150609-1527]
[2015-09-30 16:14:03] Installing org.eclipse.epp.mpc.feature.group [1.4.0.v20150618-1659]
[2015-09-30 16:14:03] Installing org.eclipse.epp.mpc.feature.jar [1.4.0.v20150618-1659]
[2015-09-30 16:14:03] Installing org.eclipse.epp.mpc.help.ui [1.4.0.v20150603-1603]
[2015-09-30 16:14:03] Installing org.eclipse.epp.mpc.ui [1.4.0.v20150618-1659]
[2015-09-30 16:14:03] Installing org.eclipse.epp.package.common.feature.feature.group [4.5.0.20150621-1200]
[2015-09-30 16:14:03] Installing org.eclipse.epp.package.common.feature.feature.jar [4.5.0.20150621-1200]
[2015-09-30 16:14:03] Installing org.eclipse.epp.package.java [4.5.0.20150621-1200]
[2015-09-30 16:14:03] Installing org.eclipse.epp.package.java.feature.feature.group [4.5.0.20150621-1200]
[2015-09-30 16:14:03] Installing org.eclipse.epp.package.java.feature.feature.jar [4.5.0.20150621-1200]
[2015-09-30 16:14:03] Installing org.eclipse.equinox.app [1.3.300.v20150423-1356]
[2015-09-30 16:14:03] Installing org.eclipse.equinox.bidi [0.10.0.v20130327-1442]
[2015-09-30 16:14:03] Installing org.eclipse.equinox.common [3.7.0.v20150402-1709]
[2015-09-30 16:14:03] Installing org.eclipse.equinox.concurrent [1.1.0.v20130327-1442]
[2015-09-30 16:14:03] Installing org.eclipse.equinox.console [1.1.100.v20141023-1406]
[2015-09-30 16:14:03] Installing org.eclipse.equinox.ds [1.4.300.v20150423-1356]
[2015-09-30 16:14:03] Installing org.eclipse.equinox.event [1.3.100.v20140115-1647]
[2015-09-30 16:14:03] Installing org.eclipse.equinox.frameworkadmin [2.0.200.v20150423-1455]
[2015-09-30 16:14:03] Installing org.eclipse.equinox.frameworkadmin.equinox [1.0.600.v20150522-2234]
[2015-09-30 16:14:03] Installing org.eclipse.equinox.http.jetty [3.1.0.v20150323-1312]
[2015-09-30 16:14:03] Installing org.eclipse.equinox.http.registry [1.1.300.v20130402-1529]
[2015-09-30 16:14:03] Installing org.eclipse.equinox.http.servlet [1.2.0.v20150519-1816]
[2015-09-30 16:14:03] Installing org.eclipse.equinox.jsp.jasper [1.0.500.v20150119-1358]
[2015-09-30 16:14:03] Installing org.eclipse.equinox.jsp.jasper.registry [1.0.300.v20130327-1442]
[2015-09-30 16:14:03] Installing org.eclipse.equinox.launcher [1.3.100.v20150511-1540]
[2015-09-30 16:14:03] Installing org.eclipse.equinox.launcher.cocoa.macosx.x86_64 [1.1.300.v20150602-1417]
[2015-09-30 16:14:03] Installing org.eclipse.equinox.p2.artifact.repository [1.1.400.v20150513-2116]
[2015-09-30 16:14:03] Installing org.eclipse.equinox.p2.console [1.0.400.v20150423-1455]
[2015-09-30 16:14:03] Installing org.eclipse.equinox.p2.core [2.4.0.v20150527-1706]
[2015-09-30 16:14:03] Installing org.eclipse.equinox.p2.core.feature.feature.group [1.3.100.v20150527-1706]
[2015-09-30 16:14:03] Installing org.eclipse.equinox.p2.core.feature.feature.jar [1.3.100.v20150527-1706]
[2015-09-30 16:14:03] Installing org.eclipse.equinox.p2.director [2.3.200.v20150423-1455]
[2015-09-30 16:14:03] Installing org.eclipse.equinox.p2.director.app [1.0.400.v20150423-1455]
[2015-09-30 16:14:03] Installing org.eclipse.equinox.p2.directorywatcher [1.1.100.v20150423-1455]
[2015-09-30 16:14:03] Installing org.eclipse.equinox.p2.discovery [1.0.300.v20131210-1027]
[2015-09-30 16:14:03] Installing org.eclipse.equinox.p2.discovery.compatibility [1.0.200.v20131211-1531]
[2015-09-30 16:14:03] Installing org.eclipse.equinox.p2.discovery.feature.feature.group [1.0.300.v20150430-1836]
[2015-09-30 16:14:03] Installing org.eclipse.equinox.p2.discovery.feature.feature.jar [1.0.300.v20150430-1836]
[2015-09-30 16:14:03] Installing org.eclipse.equinox.p2.engine [2.4.0.v20150511-1532]
[2015-09-30 16:14:03] Installing org.eclipse.equinox.p2.extensionlocation [1.2.200.v20150423-1455]
[2015-09-30 16:14:03] Installing org.eclipse.equinox.p2.extras.feature.feature.group [1.2.100.v20150601-1708]
[2015-09-30 16:14:03] Installing org.eclipse.equinox.p2.extras.feature.feature.jar [1.2.100.v20150601-1708]
[2015-09-30 16:14:03] Installing org.eclipse.equinox.p2.garbagecollector [1.0.200.v20131115-1210]
[2015-09-30 16:14:03] Installing org.eclipse.equinox.p2.jarprocessor [1.0.400.v20150430-1836]
[2015-09-30 16:14:03] Installing org.eclipse.equinox.p2.metadata [2.3.0.v20150511-1532]
[2015-09-30 16:14:03] Installing org.eclipse.equinox.p2.metadata.repository [1.2.200.v20150428-1613]
[2015-09-30 16:14:03] Installing org.eclipse.equinox.p2.operations [2.4.100.v20150423-1455]
[2015-09-30 16:14:03] Installing org.eclipse.equinox.p2.publisher [1.4.0.v20141117-0929]
[2015-09-30 16:14:03] Installing org.eclipse.equinox.p2.publisher.eclipse [1.2.0.v20150601-1708]
[2015-09-30 16:14:03] Installing org.eclipse.equinox.p2.rcp.feature.feature.group [1.2.100.v20150527-1706]
[2015-09-30 16:14:03] Installing org.eclipse.equinox.p2.rcp.feature.feature.jar [1.2.100.v20150527-1706]
[2015-09-30 16:14:03] Installing org.eclipse.equinox.p2.reconciler.dropins [1.1.300.v20150423-1455]
[2015-09-30 16:14:03] Installing org.eclipse.equinox.p2.repository [2.3.100.v20150428-1613]
[2015-09-30 16:14:03] Installing org.eclipse.equinox.p2.repository.tools [2.1.100.v20150423-1455]
[2015-09-30 16:14:03] Installing org.eclipse.equinox.p2.touchpoint.eclipse [2.1.300.v20150423-1455]
[2015-09-30 16:14:03] Installing org.eclipse.equinox.p2.touchpoint.natives [1.2.0.v20150519-1136]
[2015-09-30 16:14:03] Installing org.eclipse.equinox.p2.transport.ecf [1.1.100.v20150521-1342]
[2015-09-30 16:14:03] Installing org.eclipse.equinox.p2.ui [2.4.0.v20150425-0422]
[2015-09-30 16:14:03] Installing org.eclipse.equinox.p2.ui.discovery [1.0.100.v20131210-1027]
[2015-09-30 16:14:03] Installing org.eclipse.equinox.p2.ui.importexport [1.1.100.v20150423-1455]
[2015-09-30 16:14:03] Installing org.eclipse.equinox.p2.ui.sdk [1.0.400.v20150423-1455]
[2015-09-30 16:14:03] Installing org.eclipse.equinox.p2.ui.sdk.scheduler [1.2.100.v20150423-1455]
[2015-09-30 16:14:03] Installing org.eclipse.equinox.p2.updatechecker [1.1.200.v20131119-0908]
[2015-09-30 16:14:03] Installing org.eclipse.equinox.p2.updatesite [1.0.500.v20150423-1455]
[2015-09-30 16:14:03] Installing org.eclipse.equinox.p2.user.ui.feature.group [2.2.100.v20150601-1708]
[2015-09-30 16:14:03] Installing org.eclipse.equinox.p2.user.ui.feature.jar [2.2.100.v20150601-1708]
[2015-09-30 16:14:03] Installing org.eclipse.equinox.preferences [3.5.300.v20150408-1437]
[2015-09-30 16:14:03] Installing org.eclipse.equinox.registry [3.6.0.v20150318-1503]
[2015-09-30 16:14:03] Installing org.eclipse.equinox.security [1.2.100.v20150423-1356]
[2015-09-30 16:14:03] Installing org.eclipse.equinox.security.macosx [1.100.200.v20130327-1442]
[2015-09-30 16:14:03] Installing org.eclipse.equinox.security.ui [1.1.200.v20130626-2037]
[2015-09-30 16:14:03] Installing org.eclipse.equinox.simpleconfigurator [1.1.100.v20150423-1455]
[2015-09-30 16:14:03] Installing org.eclipse.equinox.simpleconfigurator.manipulator [2.0.100.v20150423-1455]
[2015-09-30 16:14:03] Installing org.eclipse.equinox.util [1.0.500.v20130404-1337]
[2015-09-30 16:14:03] Installing org.eclipse.gef [3.10.0.201506010206]
[2015-09-30 16:14:03] Installing org.eclipse.help [3.6.0.v20130326-1254]
[2015-09-30 16:14:03] Installing org.eclipse.help.base [4.0.300.v20150603-2000]
[2015-09-30 16:14:03] Installing org.eclipse.help.feature.group [2.1.0.v20150603-2000]
[2015-09-30 16:14:03] Installing org.eclipse.help.feature.jar [2.1.0.v20150603-2000]
[2015-09-30 16:14:03] Installing org.eclipse.help.ui [4.0.100.v20140401-0608]
[2015-09-30 16:14:03] Installing org.eclipse.help.webapp [3.7.0.v20150425-0643]
[2015-09-30 16:14:03] Installing org.eclipse.jdt [3.11.0.v20150603-2000]
[2015-09-30 16:14:03] Installing org.eclipse.jdt.annotation [2.0.100.v20150311-1658]
[2015-09-30 16:14:03] Installing org.eclipse.jdt.apt.core [3.4.0.v20150518-1201]
[2015-09-30 16:14:03] Installing org.eclipse.jdt.apt.pluggable.core [1.1.0.v20150423-0947]
[2015-09-30 16:14:03] Installing org.eclipse.jdt.apt.ui [3.4.0.v20150423-0947]
[2015-09-30 16:14:03] Installing org.eclipse.jdt.compiler.apt [1.2.0.v20150514-0146]
[2015-09-30 16:14:03] Installing org.eclipse.jdt.compiler.tool [1.1.0.v20150513-2007]
[2015-09-30 16:14:03] Installing org.eclipse.jdt.core [3.11.0.v20150602-1242]
[2015-09-30 16:14:03] Installing org.eclipse.jdt.core.manipulation [1.5.100.v20141002-1241]
[2015-09-30 16:14:03] Installing org.eclipse.jdt.debug [3.9.0.v20150528-1838]
[2015-09-30 16:14:03] Installing org.eclipse.jdt.debug.ui [3.7.0.v20150505-1916]
[2015-09-30 16:14:03] Installing org.eclipse.jdt.doc.user [3.11.0.v20150603-1912]
[2015-09-30 16:14:03] Installing org.eclipse.jdt.feature.group [3.11.0.v20150603-2000]
[2015-09-30 16:14:03] Installing org.eclipse.jdt.feature.jar [3.11.0.v20150603-2000]
[2015-09-30 16:14:03] Installing org.eclipse.jdt.junit [3.8.0.v20150428-1340]
[2015-09-30 16:14:03] Installing org.eclipse.jdt.junit.core [3.7.400.v20150423-0747]
[2015-09-30 16:14:03] Installing org.eclipse.jdt.junit.runtime [3.4.500.v20140527-1138]
[2015-09-30 16:14:03] Installing org.eclipse.jdt.junit4.runtime [1.1.500.v20150423-0747]
[2015-09-30 16:14:03] Installing org.eclipse.jdt.launching [3.8.0.v20150527-0946]
[2015-09-30 16:14:03] Installing org.eclipse.jdt.launching.macosx [3.3.0.v20150313-0517]
[2015-09-30 16:14:03] Installing org.eclipse.jdt.launching.ui.macosx [1.1.0.v20150313-0517]
[2015-09-30 16:14:03] Installing org.eclipse.jdt.ui [3.11.0.v20150527-0925]
[2015-09-30 16:14:03] Installing org.eclipse.jem.util [2.1.200.v201404021757]
[2015-09-30 16:14:03] Installing org.eclipse.jetty.continuation [9.2.9.v20150224]
[2015-09-30 16:14:03] Installing org.eclipse.jetty.http [9.2.9.v20150224]
[2015-09-30 16:14:03] Installing org.eclipse.jetty.io [9.2.9.v20150224]
[2015-09-30 16:14:03] Installing org.eclipse.jetty.security [9.2.9.v20150224]
[2015-09-30 16:14:03] Installing org.eclipse.jetty.server [9.2.9.v20150224]
[2015-09-30 16:14:03] Installing org.eclipse.jetty.servlet [9.2.9.v20150224]
[2015-09-30 16:14:03] Installing org.eclipse.jetty.util [9.2.9.v20150224]
[2015-09-30 16:14:03] Installing org.eclipse.jface [3.11.0.v20150602-1400]
[2015-09-30 16:14:03] Installing org.eclipse.jface.databinding [1.7.0.v20150406-2148]
[2015-09-30 16:14:03] Installing org.eclipse.jface.text [3.10.0.v20150603-1752]
[2015-09-30 16:14:03] Installing org.eclipse.jgit [4.0.0.201506090130-r]
[2015-09-30 16:14:03] Installing org.eclipse.jgit.archive [4.0.0.201506090130-r]
[2015-09-30 16:14:03] Installing org.eclipse.jgit.feature.group [4.0.0.201506090130-r]
[2015-09-30 16:14:03] Installing org.eclipse.jgit.feature.jar [4.0.0.201506090130-r]
[2015-09-30 16:14:03] Installing org.eclipse.jsch.core [1.2.0.v20141202-1415]
[2015-09-30 16:14:03] Installing org.eclipse.jsch.ui [1.2.0.v20141202-1415]
[2015-09-30 16:14:03] Installing org.eclipse.ltk.core.refactoring [3.6.200.v20140826-0859]
[2015-09-30 16:14:03] Installing org.eclipse.ltk.ui.refactoring [3.7.200.v20140625-1835]
[2015-09-30 16:14:03] Installing org.eclipse.m2e.archetype.common [1.6.0.20150526-2031]
[2015-09-30 16:14:03] Installing org.eclipse.m2e.core [1.6.0.20150526-2032]
[2015-09-30 16:14:03] Installing org.eclipse.m2e.core.ui [1.6.0.20150526-2032]
[2015-09-30 16:14:03] Installing org.eclipse.m2e.discovery [1.6.0.20150526-2032]
[2015-09-30 16:14:03] Installing org.eclipse.m2e.editor [1.6.0.20150526-2032]
[2015-09-30 16:14:03] Installing org.eclipse.m2e.editor.xml [1.6.0.20150526-2032]
[2015-09-30 16:14:03] Installing org.eclipse.m2e.feature.feature.group [1.6.0.20150526-2032]
[2015-09-30 16:14:03] Installing org.eclipse.m2e.feature.feature.jar [1.6.0.20150526-2032]
[2015-09-30 16:14:03] Installing org.eclipse.m2e.jdt [1.6.0.20150526-2032]
[2015-09-30 16:14:03] Installing org.eclipse.m2e.jdt.ui [1.6.0.20150526-2032]
[2015-09-30 16:14:03] Installing org.eclipse.m2e.launching [1.6.0.20150526-2032]
[2015-09-30 16:14:03] Installing org.eclipse.m2e.lifecyclemapping.defaults [1.6.0.20150526-2032]
[2015-09-30 16:14:03] Installing org.eclipse.m2e.logback.appender [1.6.0.20150526-2032]
[2015-09-30 16:14:03] Installing org.eclipse.m2e.logback.configuration [1.6.0.20150526-2032]
[2015-09-30 16:14:03] Installing org.eclipse.m2e.logback.feature.feature.group [1.6.0.20150526-2032]
[2015-09-30 16:14:03] Installing org.eclipse.m2e.logback.feature.feature.jar [1.6.0.20150526-2032]
[2015-09-30 16:14:03] Installing org.eclipse.m2e.maven.indexer [1.6.0.20150526-2031]
[2015-09-30 16:14:03] Installing org.eclipse.m2e.maven.runtime [1.6.0.20150526-2031]
[2015-09-30 16:14:03] Installing org.eclipse.m2e.maven.runtime.slf4j.simple [1.6.0.20150526-2031]
[2015-09-30 16:14:03] Installing org.eclipse.m2e.model.edit [1.6.0.20150526-2032]
[2015-09-30 16:14:03] Installing org.eclipse.m2e.profiles.core [1.6.0.20150526-2032]
[2015-09-30 16:14:03] Installing org.eclipse.m2e.profiles.ui [1.6.0.20150526-2032]
[2015-09-30 16:14:03] Installing org.eclipse.m2e.refactoring [1.6.0.20150526-2032]
[2015-09-30 16:14:03] Installing org.eclipse.m2e.scm [1.6.0.20150526-2032]
[2015-09-30 16:14:03] Installing org.eclipse.m2e.workspace.cli [0.3.1]
[2015-09-30 16:14:03] Installing org.eclipse.mylyn.bugzilla.core [3.16.0.v20150525-2001]
[2015-09-30 16:14:03] Installing org.eclipse.mylyn.bugzilla.ide [3.16.0.v20150522-2252]
[2015-09-30 16:14:03] Installing org.eclipse.mylyn.bugzilla.ui [3.16.0.v20150525-2001]
[2015-09-30 16:14:03] Installing org.eclipse.mylyn.bugzilla_feature.feature.group [3.16.0.v20150525-2001]
[2015-09-30 16:14:03] Installing org.eclipse.mylyn.bugzilla_feature.feature.jar [3.16.0.v20150525-2001]
[2015-09-30 16:14:03] Installing org.eclipse.mylyn.builds.core [1.8.0.v20150525-1955]
[2015-09-30 16:14:03] Installing org.eclipse.mylyn.builds.feature.group [1.8.0.v20150525-1955]
[2015-09-30 16:14:03] Installing org.eclipse.mylyn.builds.feature.jar [1.8.0.v20150525-1955]
[2015-09-30 16:14:03] Installing org.eclipse.mylyn.builds.ui [1.8.0.v20150525-1955]
[2015-09-30 16:14:03] Installing org.eclipse.mylyn.commons.core [3.16.0.v20150526-1951]
[2015-09-30 16:14:03] Installing org.eclipse.mylyn.commons.feature.group [3.16.0.v20150609-0602]
[2015-09-30 16:14:03] Installing org.eclipse.mylyn.commons.feature.jar [3.16.0.v20150609-0602]
[2015-09-30 16:14:03] Installing org.eclipse.mylyn.commons.identity.core [1.8.0.v20150526-1951]
[2015-09-30 16:14:03] Installing org.eclipse.mylyn.commons.identity.feature.group [1.8.0.v20150526-1951]
[2015-09-30 16:14:03] Installing org.eclipse.mylyn.commons.identity.feature.jar [1.8.0.v20150526-1951]
[2015-09-30 16:14:03] Installing org.eclipse.mylyn.commons.net [3.16.0.v20150526-1951]
[2015-09-30 16:14:03] Installing org.eclipse.mylyn.commons.notifications.core [1.8.0.v20150526-1951]
[2015-09-30 16:14:03] Installing org.eclipse.mylyn.commons.notifications.feature.group [1.8.0.v20150602-2344]
[2015-09-30 16:14:03] Installing org.eclipse.mylyn.commons.notifications.feature.jar [1.8.0.v20150602-2344]
[2015-09-30 16:14:03] Installing org.eclipse.mylyn.commons.notifications.feed [1.8.0.v20150526-1951]
[2015-09-30 16:14:03] Installing org.eclipse.mylyn.commons.notifications.ui [1.8.0.v20150602-2344]
[2015-09-30 16:14:03] Installing org.eclipse.mylyn.commons.repositories.core [1.8.0.v20150526-1951]
[2015-09-30 16:14:03] Installing org.eclipse.mylyn.commons.repositories.feature.group [1.8.0.v20150526-1951]
[2015-09-30 16:14:03] Installing org.eclipse.mylyn.commons.repositories.feature.jar [1.8.0.v20150526-1951]
[2015-09-30 16:14:03] Installing org.eclipse.mylyn.commons.repositories.http.core [1.8.0.v20150526-1951]
[2015-09-30 16:14:03] Installing org.eclipse.mylyn.commons.repositories.http.feature.group [1.8.0.v20150526-1951]
[2015-09-30 16:14:03] Installing org.eclipse.mylyn.commons.repositories.http.feature.jar [1.8.0.v20150526-1951]
[2015-09-30 16:14:03] Installing org.eclipse.mylyn.commons.repositories.ui [1.8.0.v20150526-1951]
[2015-09-30 16:14:03] Installing org.eclipse.mylyn.commons.screenshots [3.16.0.v20150526-1951]
[2015-09-30 16:14:03] Installing org.eclipse.mylyn.commons.ui [3.16.0.v20150609-0602]
[2015-09-30 16:14:03] Installing org.eclipse.mylyn.commons.workbench [3.16.0.v20150526-1951]
[2015-09-30 16:14:03] Installing org.eclipse.mylyn.commons.xmlrpc [3.16.0.v20150526-1951]
[2015-09-30 16:14:03] Installing org.eclipse.mylyn.context.core [3.16.0.v20150522-2252]
[2015-09-30 16:14:03] Installing org.eclipse.mylyn.context.tasks.ui [3.16.0.v20150522-2252]
[2015-09-30 16:14:03] Installing org.eclipse.mylyn.context.ui [3.16.0.v20150522-2252]
[2015-09-30 16:14:03] Installing org.eclipse.mylyn.context_feature.feature.group [3.16.0.v20150522-2252]
[2015-09-30 16:14:03] Installing org.eclipse.mylyn.context_feature.feature.jar [3.16.0.v20150522-2252]
[2015-09-30 16:14:03] Installing org.eclipse.mylyn.debug.ui [3.16.0.v20150522-2252]
[2015-09-30 16:14:03] Installing org.eclipse.mylyn.discovery.core [3.16.0.v20150526-1951]
[2015-09-30 16:14:03] Installing org.eclipse.mylyn.discovery.feature.group [3.16.0.v20150602-1735]
[2015-09-30 16:14:03] Installing org.eclipse.mylyn.discovery.feature.jar [3.16.0.v20150602-1735]
[2015-09-30 16:14:03] Installing org.eclipse.mylyn.discovery.ui [3.16.0.v20150602-1735]
[2015-09-30 16:14:03] Installing org.eclipse.mylyn.git.core [1.8.0.v20150525-1956]
[2015-09-30 16:14:03] Installing org.eclipse.mylyn.git.feature.group [1.8.0.v20150602-0359]
[2015-09-30 16:14:03] Installing org.eclipse.mylyn.git.feature.jar [1.8.0.v20150602-0359]
[2015-09-30 16:14:03] Installing org.eclipse.mylyn.git.ui [1.8.0.v20150602-0359]
[2015-09-30 16:14:03] Installing org.eclipse.mylyn.help.ui [3.16.0.v20150525-2001]
[2015-09-30 16:14:03] Installing org.eclipse.mylyn.hudson.core [1.8.0.v20150525-1955]
[2015-09-30 16:14:04] Installing org.eclipse.mylyn.hudson.feature.group [1.8.0.v20150525-1955]
[2015-09-30 16:14:04] Installing org.eclipse.mylyn.hudson.feature.jar [1.8.0.v20150525-1955]
[2015-09-30 16:14:04] Installing org.eclipse.mylyn.hudson.ui [1.8.0.v20150525-1955]
[2015-09-30 16:14:04] Installing org.eclipse.mylyn.ide.ant [3.16.0.v20150522-2252]
[2015-09-30 16:14:04] Installing org.eclipse.mylyn.ide.ui [3.16.0.v20150522-2252]
[2015-09-30 16:14:04] Installing org.eclipse.mylyn.ide_feature.feature.group [3.16.0.v20150522-2252]
[2015-09-30 16:14:04] Installing org.eclipse.mylyn.ide_feature.feature.jar [3.16.0.v20150522-2252]
[2015-09-30 16:14:04] Installing org.eclipse.mylyn.java.tasks [3.16.0.v20150522-2252]
[2015-09-30 16:14:04] Installing org.eclipse.mylyn.java.ui [3.16.0.v20150522-2252]
[2015-09-30 16:14:04] Installing org.eclipse.mylyn.java_feature.feature.group [3.16.0.v20150522-2252]
[2015-09-30 16:14:04] Installing org.eclipse.mylyn.java_feature.feature.jar [3.16.0.v20150522-2252]
[2015-09-30 16:14:04] Installing org.eclipse.mylyn.monitor.core [3.16.0.v20150526-1951]
[2015-09-30 16:14:04] Installing org.eclipse.mylyn.monitor.feature.group [3.16.0.v20150526-1951]
[2015-09-30 16:14:04] Installing org.eclipse.mylyn.monitor.feature.jar [3.16.0.v20150526-1951]
[2015-09-30 16:14:04] Installing org.eclipse.mylyn.monitor.ui [3.16.0.v20150526-1951]
[2015-09-30 16:14:04] Installing org.eclipse.mylyn.resources.ui [3.16.0.v20150522-2252]
[2015-09-30 16:14:04] Installing org.eclipse.mylyn.tasks.bugs [3.16.0.v20150525-2001]
[2015-09-30 16:14:04] Installing org.eclipse.mylyn.tasks.core [3.16.0.v20150609-0543]
[2015-09-30 16:14:04] Installing org.eclipse.mylyn.tasks.ide.feature.group [3.16.0.v20150525-2001]
[2015-09-30 16:14:04] Installing org.eclipse.mylyn.tasks.ide.feature.jar [3.16.0.v20150525-2001]
[2015-09-30 16:14:04] Installing org.eclipse.mylyn.tasks.index.core [3.16.0.v20150525-2001]
[2015-09-30 16:14:04] Installing org.eclipse.mylyn.tasks.index.ui [3.16.0.v20150525-2001]
[2015-09-30 16:14:04] Installing org.eclipse.mylyn.tasks.search [3.16.0.v20150525-2001]
[2015-09-30 16:14:04] Installing org.eclipse.mylyn.tasks.ui [3.16.0.v20150609-0543]
[2015-09-30 16:14:04] Installing org.eclipse.mylyn.team.ui [3.16.0.v20150522-2252]
[2015-09-30 16:14:04] Installing org.eclipse.mylyn.team_feature.feature.group [3.16.0.v20150522-2252]
[2015-09-30 16:14:04] Installing org.eclipse.mylyn.team_feature.feature.jar [3.16.0.v20150522-2252]
[2015-09-30 16:14:04] Installing org.eclipse.mylyn.versions.core [1.8.0.v20150525-1956]
[2015-09-30 16:14:04] Installing org.eclipse.mylyn.versions.feature.group [1.8.0.v20150525-1956]
[2015-09-30 16:14:04] Installing org.eclipse.mylyn.versions.feature.jar [1.8.0.v20150525-1956]
[2015-09-30 16:14:04] Installing org.eclipse.mylyn.versions.ui [1.8.0.v20150525-1956]
[2015-09-30 16:14:04] Installing org.eclipse.mylyn.wikitext.confluence.core [2.5.0.v20150420-1908]
[2015-09-30 16:14:04] Installing org.eclipse.mylyn.wikitext.confluence.ui [2.5.0.v20150420-1908]
[2015-09-30 16:14:04] Installing org.eclipse.mylyn.wikitext.context.ui [2.5.0.v20150420-1908]
[2015-09-30 16:14:04] Installing org.eclipse.mylyn.wikitext.core [2.5.0.v20150522-1430]
[2015-09-30 16:14:04] Installing org.eclipse.mylyn.wikitext.core.ant [2.5.0.v20150420-1908]
[2015-09-30 16:14:04] Installing org.eclipse.mylyn.wikitext.core.osgi [2.5.0.v20150420-1908]
[2015-09-30 16:14:04] Installing org.eclipse.mylyn.wikitext.help.ui [2.5.0.v20150420-1908]
[2015-09-30 16:14:04] Installing org.eclipse.mylyn.wikitext.html.core [2.5.0.v20150420-1908]
[2015-09-30 16:14:04] Installing org.eclipse.mylyn.wikitext.markdown.core [2.5.0.v20150508-2326]
[2015-09-30 16:14:04] Installing org.eclipse.mylyn.wikitext.markdown.ui [2.5.0.v20150420-1908]
[2015-09-30 16:14:04] Installing org.eclipse.mylyn.wikitext.mediawiki.core [2.5.0.v20150420-1908]
[2015-09-30 16:14:04] Installing org.eclipse.mylyn.wikitext.mediawiki.ui [2.5.0.v20150420-1908]
[2015-09-30 16:14:04] Installing org.eclipse.mylyn.wikitext.tasks.ui [2.5.0.v20150420-1908]
[2015-09-30 16:14:04] Installing org.eclipse.mylyn.wikitext.textile.core [2.5.0.v20150420-1908]
[2015-09-30 16:14:04] Installing org.eclipse.mylyn.wikitext.textile.ui [2.5.0.v20150420-1908]
[2015-09-30 16:14:04] Installing org.eclipse.mylyn.wikitext.tracwiki.core [2.5.0.v20150420-1908]
[2015-09-30 16:14:04] Installing org.eclipse.mylyn.wikitext.tracwiki.ui [2.5.0.v20150420-1908]
[2015-09-30 16:14:04] Installing org.eclipse.mylyn.wikitext.twiki.core [2.5.0.v20150420-1908]
[2015-09-30 16:14:04] Installing org.eclipse.mylyn.wikitext.twiki.ui [2.5.0.v20150420-1908]
[2015-09-30 16:14:04] Installing org.eclipse.mylyn.wikitext.ui [2.5.0.v20150522-0458]
[2015-09-30 16:14:04] Installing org.eclipse.mylyn.wikitext_feature.feature.group [2.5.0.v20150522-1430]
[2015-09-30 16:14:04] Installing org.eclipse.mylyn.wikitext_feature.feature.jar [2.5.0.v20150522-1430]
[2015-09-30 16:14:04] Installing org.eclipse.mylyn_feature.feature.group [3.16.0.v20150609-0543]
[2015-09-30 16:14:04] Installing org.eclipse.mylyn_feature.feature.jar [3.16.0.v20150609-0543]
[2015-09-30 16:14:04] Installing org.eclipse.nebula.widgets.tablecombo [1.0.0.201509221611]
[2015-09-30 16:14:04] Installing org.eclipse.oomph.base [1.3.0.v20150923-0945]
[2015-09-30 16:14:04] Installing org.eclipse.oomph.base.edit [1.3.0.v20150923-1022]
[2015-09-30 16:14:04] Installing org.eclipse.oomph.extractor.lib [1.1.0.v20150923-0945]
[2015-09-30 16:14:04] Installing org.eclipse.oomph.jreinfo [1.3.0.v20150923-0945]
[2015-09-30 16:14:04] Installing org.eclipse.oomph.jreinfo.ui [1.3.0.v20150923-0945]
[2015-09-30 16:14:04] Installing org.eclipse.oomph.p2 [1.3.0.v20150923-0945]
[2015-09-30 16:14:04] Installing org.eclipse.oomph.p2.core [1.3.0.v20150923-0945]
[2015-09-30 16:14:04] Installing org.eclipse.oomph.p2.doc [1.3.0.v20150923-0945]
[2015-09-30 16:14:04] Installing org.eclipse.oomph.p2.edit [1.3.0.v20150923-1022]
[2015-09-30 16:14:04] Installing org.eclipse.oomph.p2.feature.group [1.3.0.v20150923-1022]
[2015-09-30 16:14:04] Installing org.eclipse.oomph.p2.feature.jar [1.3.0.v20150923-1022]
[2015-09-30 16:14:04] Installing org.eclipse.oomph.p2.ui [1.3.0.v20150923-0945]
[2015-09-30 16:14:04] Installing org.eclipse.oomph.predicates [1.3.0.v20150923-0945]
[2015-09-30 16:14:04] Installing org.eclipse.oomph.predicates.edit [1.3.0.v20150923-1022]
[2015-09-30 16:14:04] Installing org.eclipse.oomph.preferences [1.3.0.v20150923-0945]
[2015-09-30 16:14:04] Installing org.eclipse.oomph.resources [1.3.0.v20150923-0945]
[2015-09-30 16:14:04] Installing org.eclipse.oomph.resources.edit [1.3.0.v20150923-1022]
[2015-09-30 16:14:04] Installing org.eclipse.oomph.setup [1.3.0.v20150923-0945]
[2015-09-30 16:14:04] Installing org.eclipse.oomph.setup.core [1.3.0.v20150923-0945]
[2015-09-30 16:14:04] Installing org.eclipse.oomph.setup.core.feature.group [1.3.0.v20150923-1022]
[2015-09-30 16:14:04] Installing org.eclipse.oomph.setup.core.feature.jar [1.3.0.v20150923-1022]
[2015-09-30 16:14:04] Installing org.eclipse.oomph.setup.doc [1.3.0.v20150923-0945]
[2015-09-30 16:14:04] Installing org.eclipse.oomph.setup.edit [1.3.0.v20150923-1022]
[2015-09-30 16:14:04] Installing org.eclipse.oomph.setup.editor [1.3.0.v20150923-1022]
[2015-09-30 16:14:04] Installing org.eclipse.oomph.setup.feature.group [1.3.0.v20150923-1022]
[2015-09-30 16:14:04] Installing org.eclipse.oomph.setup.feature.jar [1.3.0.v20150923-1022]
[2015-09-30 16:14:04] Installing org.eclipse.oomph.setup.p2 [1.3.0.v20150923-0945]
[2015-09-30 16:14:04] Installing org.eclipse.oomph.setup.p2.edit [1.3.0.v20150923-1022]
[2015-09-30 16:14:04] Installing org.eclipse.oomph.setup.sync [1.3.0.v20150923-0945]
[2015-09-30 16:14:04] Installing org.eclipse.oomph.setup.ui [1.3.0.v20150923-0945]
[2015-09-30 16:14:04] Installing org.eclipse.oomph.setup.ui.questionnaire [1.3.0.v20150923-0945]
[2015-09-30 16:14:04] Installing org.eclipse.oomph.ui [1.3.0.v20150923-0945]
[2015-09-30 16:14:04] Installing org.eclipse.oomph.util [1.3.0.v20150923-0945]
[2015-09-30 16:14:04] Installing org.eclipse.oomph.workingsets [1.3.0.v20150923-0945]
[2015-09-30 16:14:04] Installing org.eclipse.oomph.workingsets.edit [1.3.0.v20150923-1022]
[2015-09-30 16:14:04] Installing org.eclipse.oomph.workingsets.editor [1.3.0.v20150923-0945]
[2015-09-30 16:14:04] Installing org.eclipse.osgi [3.10.100.v20150529-1857]
[2015-09-30 16:14:04] Installing org.eclipse.osgi.compatibility.state [1.0.100.v20150402-1551]
[2015-09-30 16:14:04] Installing org.eclipse.osgi.services [3.5.0.v20150519-2006]
[2015-09-30 16:14:04] Installing org.eclipse.osgi.util [3.3.100.v20150423-1351]
[2015-09-30 16:14:04] Installing org.eclipse.platform [4.5.0.v20150603-2000]
[2015-09-30 16:14:04] Installing org.eclipse.platform.doc.user [4.5.0.v20150603-2358]
[2015-09-30 16:14:04] Installing org.eclipse.platform.feature.group [4.5.0.v20150603-2358]
[2015-09-30 16:14:04] Installing org.eclipse.platform.feature.jar [4.5.0.v20150603-2358]
[2015-09-30 16:14:04] Installing org.eclipse.platform.ide [4.5.0.I20150603-2000]
[2015-09-30 16:14:04] Installing org.eclipse.platform.ide.executable.cocoa.macosx.x86_64 [4.5.0.I20150603-2000]
[2015-09-30 16:14:04] Installing org.eclipse.platform.ide.executable.cocoa.macosx.x86_64.eclipse [4.5.0.I20150603-2000]
[2015-09-30 16:14:04] Installing org.eclipse.platform_root [4.5.0.v20150603-2358]
[2015-09-30 16:14:04] Installing org.eclipse.rcp [4.5.0.v20150603-2000]
[2015-09-30 16:14:04] Installing org.eclipse.rcp.feature.group [4.5.0.v20150603-2331]
[2015-09-30 16:14:04] Installing org.eclipse.rcp.feature.jar [4.5.0.v20150603-2331]
[2015-09-30 16:14:04] Installing org.eclipse.rcp_root [4.5.0.v20150603-2331]
[2015-09-30 16:14:04] Installing org.eclipse.recommenders.apidocs [2.2.0.v20150609-1848]
[2015-09-30 16:14:04] Installing org.eclipse.recommenders.apidocs.rcp [2.2.0.v20150609-1848]
[2015-09-30 16:14:04] Installing org.eclipse.recommenders.calls [2.2.0.v20150609-1848]
[2015-09-30 16:14:04] Installing org.eclipse.recommenders.calls.rcp [2.2.0.v20150609-1848]
[2015-09-30 16:14:04] Installing org.eclipse.recommenders.chain.rcp [2.2.0.v20150609-1848]
[2015-09-30 16:14:04] Installing org.eclipse.recommenders.completion.rcp [2.2.0.v20150609-1848]
[2015-09-30 16:14:04] Installing org.eclipse.recommenders.constructors [2.2.0.v20150609-1848]
[2015-09-30 16:14:04] Installing org.eclipse.recommenders.constructors.rcp [2.2.0.v20150609-1848]
[2015-09-30 16:14:04] Installing org.eclipse.recommenders.coordinates [2.2.0.v20150609-1848]
[2015-09-30 16:14:04] Installing org.eclipse.recommenders.coordinates.rcp [2.2.0.v20150609-1848]
[2015-09-30 16:14:04] Installing org.eclipse.recommenders.injection [2.2.0.v20150609-1848]
[2015-09-30 16:14:04] Installing org.eclipse.recommenders.jayes [2.2.0.v20150609-1848]
[2015-09-30 16:14:04] Installing org.eclipse.recommenders.jayes.io [2.2.0.v20150609-1848]
[2015-09-30 16:14:04] Installing org.eclipse.recommenders.jdt [2.2.0.v20150609-1848]
[2015-09-30 16:14:04] Installing org.eclipse.recommenders.models [2.2.0.v20150609-1848]
[2015-09-30 16:14:04] Installing org.eclipse.recommenders.models.rcp [2.2.0.v20150609-1848]
[2015-09-30 16:14:04] Installing org.eclipse.recommenders.mylyn.rcp [2.2.0.v20150609-1848]
[2015-09-30 16:14:04] Installing org.eclipse.recommenders.mylyn.rcp.feature.feature.group [2.2.0.v20150609-1848]
[2015-09-30 16:14:04] Installing org.eclipse.recommenders.mylyn.rcp.feature.feature.jar [2.2.0.v20150609-1848]
[2015-09-30 16:14:04] Installing org.eclipse.recommenders.net [2.2.0.v20150609-1848]
[2015-09-30 16:14:04] Installing org.eclipse.recommenders.overrides [2.2.0.v20150609-1848]
[2015-09-30 16:14:04] Installing org.eclipse.recommenders.overrides.rcp [2.2.0.v20150609-1848]
[2015-09-30 16:14:04] Installing org.eclipse.recommenders.rcp [2.2.0.v20150609-1848]
[2015-09-30 16:14:04] Installing org.eclipse.recommenders.rcp.feature.feature.group [2.2.0.v20150609-1848]
[2015-09-30 16:14:04] Installing org.eclipse.recommenders.rcp.feature.feature.jar [2.2.0.v20150609-1848]
[2015-09-30 16:14:04] Installing org.eclipse.recommenders.snipmatch [2.2.0.v20150609-1848]
[2015-09-30 16:14:04] Installing org.eclipse.recommenders.snipmatch.rcp [2.2.0.v20150609-1848]
[2015-09-30 16:14:04] Installing org.eclipse.recommenders.snipmatch.rcp.feature.feature.group [2.2.0.v20150609-1848]
[2015-09-30 16:14:04] Installing org.eclipse.recommenders.snipmatch.rcp.feature.feature.jar [2.2.0.v20150609-1848]
[2015-09-30 16:14:04] Installing org.eclipse.recommenders.subwords.rcp [2.2.0.v20150609-1848]
[2015-09-30 16:14:04] Installing org.eclipse.recommenders.types.rcp [2.2.0.v20150609-1848]
[2015-09-30 16:14:04] Installing org.eclipse.recommenders.utils [2.2.0.v20150609-1848]
[2015-09-30 16:14:04] Installing org.eclipse.search [3.10.0.v20150318-0856]
[2015-09-30 16:14:04] Installing org.eclipse.swt [3.104.0.v20150528-0211]
[2015-09-30 16:14:04] Installing org.eclipse.swt.cocoa.macosx.x86_64 [3.104.0.v20150528-0211]
[2015-09-30 16:14:04] Installing org.eclipse.team.core [3.7.100.v20150203-1452]
[2015-09-30 16:14:04] Installing org.eclipse.team.ui [3.7.200.v20150203-1452]
[2015-09-30 16:14:04] Installing org.eclipse.text [3.5.400.v20150505-1044]
[2015-09-30 16:14:04] Installing org.eclipse.ui [3.107.0.v20150507-1945]
[2015-09-30 16:14:04] Installing org.eclipse.ui.browser [3.4.300.v20150429-0602]
[2015-09-30 16:14:04] Installing org.eclipse.ui.cheatsheets [3.4.200.v20131227-1524]
[2015-09-30 16:14:04] Installing org.eclipse.ui.cocoa [1.1.100.v20150315-1253]
[2015-09-30 16:14:04] Installing org.eclipse.ui.console [3.6.0.v20150512-1341]
[2015-09-30 16:14:04] Installing org.eclipse.ui.editors [3.9.0.v20150213-1939]
[2015-09-30 16:14:04] Installing org.eclipse.ui.externaltools [3.3.0.v20150302-1002]
[2015-09-30 16:14:04] Installing org.eclipse.ui.forms [3.6.200.v20150506-2029]
[2015-09-30 16:14:04] Installing org.eclipse.ui.ide [3.11.0.v20150510-1749]
[2015-09-30 16:14:04] Installing org.eclipse.ui.ide.application [1.1.0.v20150422-0725]
[2015-09-30 16:14:04] Installing org.eclipse.ui.intro [3.4.300.v20141007-1449]
[2015-09-30 16:14:04] Installing org.eclipse.ui.intro.universal [3.2.800.v20150325-0952]
[2015-09-30 16:14:04] Installing org.eclipse.ui.monitoring [1.0.0.v20150512-1436]
[2015-09-30 16:14:04] Installing org.eclipse.ui.navigator [3.6.0.v20150422-0725]
[2015-09-30 16:14:04] Installing org.eclipse.ui.navigator.resources [3.5.0.v20150422-0725]
[2015-09-30 16:14:04] Installing org.eclipse.ui.net [1.2.200.v20120807-0927]
[2015-09-30 16:14:04] Installing org.eclipse.ui.themes [1.1.0.v20150511-0913]
[2015-09-30 16:14:04] Installing org.eclipse.ui.views [3.8.0.v20150422-0725]
[2015-09-30 16:14:04] Installing org.eclipse.ui.views.log [1.0.600.v20150513-1840]
[2015-09-30 16:14:04] Installing org.eclipse.ui.views.properties.tabbed [3.6.100.v20150423-0822]
[2015-09-30 16:14:04] Installing org.eclipse.ui.workbench [3.107.0.v20150510-1732]
[2015-09-30 16:14:04] Installing org.eclipse.ui.workbench.texteditor [3.9.100.v20141023-1946]
[2015-09-30 16:14:04] Installing org.eclipse.update.configurator [3.3.300.v20140518-1928]
[2015-09-30 16:14:04] Installing org.eclipse.wb.core [1.8.0.r45x201506110820]
[2015-09-30 16:14:04] Installing org.eclipse.wb.core.databinding [1.8.0.r45x201506110821]
[2015-09-30 16:14:04] Installing org.eclipse.wb.core.feature.feature.group [1.8.0.r45x201506110820]
[2015-09-30 16:14:04] Installing org.eclipse.wb.core.feature.feature.jar [1.8.0.r45x201506110820]
[2015-09-30 16:14:04] Installing org.eclipse.wb.core.java [1.8.0.r45x201506110821]
[2015-09-30 16:14:04] Installing org.eclipse.wb.core.java.feature.feature.group [1.8.0.r45x201506110821]
[2015-09-30 16:14:04] Installing org.eclipse.wb.core.java.feature.feature.jar [1.8.0.r45x201506110821]
[2015-09-30 16:14:04] Installing org.eclipse.wb.core.lib [1.8.0.r45x201506110820]
[2015-09-30 16:14:04] Installing org.eclipse.wb.core.ui [1.8.0.r45x201506110822]
[2015-09-30 16:14:04] Installing org.eclipse.wb.core.ui.feature.feature.group [1.8.0.r45x201506110822]
[2015-09-30 16:14:04] Installing org.eclipse.wb.core.ui.feature.feature.jar [1.8.0.r45x201506110822]
[2015-09-30 16:14:04] Installing org.eclipse.wb.layout.group [1.8.0.r45x201506110824]
[2015-09-30 16:14:04] Installing org.eclipse.wb.layout.group.feature.feature.group [1.8.0.r45x201506110824]
[2015-09-30 16:14:04] Installing org.eclipse.wb.layout.group.feature.feature.jar [1.8.0.r45x201506110824]
[2015-09-30 16:14:04] Installing org.eclipse.wb.os [1.8.0.r45x201506110820]
[2015-09-30 16:14:04] Installing org.eclipse.wb.os.macosx [1.8.0.r45x201506110820]
[2015-09-30 16:14:04] Installing org.eclipse.wb.runtime [1.8.0.r45x201506110820]
[2015-09-30 16:14:04] Installing org.eclipse.wb.runtime.lib [1.8.0.r45x201506110820]
[2015-09-30 16:14:04] Installing org.eclipse.wb.swing [1.8.0.r45x201506110826]
[2015-09-30 16:14:04] Installing org.eclipse.wb.swing.FormLayout [1.8.0.r45x201506110826]
[2015-09-30 16:14:04] Installing org.eclipse.wb.swing.FormLayout.lib [1.8.0.r45x201506110826]
[2015-09-30 16:14:04] Installing org.eclipse.wb.swing.MigLayout [1.8.0.r45x201506110826]
[2015-09-30 16:14:04] Installing org.eclipse.wb.swing.MigLayout.lib [1.8.0.r45x201506110826]
[2015-09-30 16:14:04] Installing org.eclipse.wb.swing.databinding [1.8.0.r45x201506110826]
[2015-09-30 16:14:04] Installing org.eclipse.wb.swing.feature.feature.group [1.8.0.r45x201506110826]
[2015-09-30 16:14:04] Installing org.eclipse.wb.swing.feature.feature.jar [1.8.0.r45x201506110826]
[2015-09-30 16:14:04] Installing org.eclipse.wb.swing.java6 [1.8.0.r45x201506110826]
[2015-09-30 16:14:04] Installing org.eclipse.wb.swing.jsr296 [1.8.0.r45x201506110826]
[2015-09-30 16:14:04] Installing org.eclipse.wst.common.core [1.2.0.v200908251833]
[2015-09-30 16:14:04] Installing org.eclipse.wst.common.emf [1.2.400.v201505132009]
[2015-09-30 16:14:04] Installing org.eclipse.wst.common.emfworkbench.integration [1.2.101.v201107081800]
[2015-09-30 16:14:04] Installing org.eclipse.wst.common.environment [1.0.400.v200912181831]
[2015-09-30 16:14:04] Installing org.eclipse.wst.common.frameworks [1.2.200.v201304241450]
[2015-09-30 16:14:04] Installing org.eclipse.wst.common.frameworks.ui [1.2.400.v201504292002]
[2015-09-30 16:14:04] Installing org.eclipse.wst.common.infopop [1.0.300.v201309101952]
[2015-09-30 16:14:04] Installing org.eclipse.wst.common.modulecore [1.2.401.v201408132036]
[2015-09-30 16:14:04] Installing org.eclipse.wst.common.modulecore.ui [1.0.300.v201505072128]
[2015-09-30 16:14:04] Installing org.eclipse.wst.common.project.facet.core [1.4.300.v201111030423]
[2015-09-30 16:14:04] Installing org.eclipse.wst.common.snippets [1.2.200.v201208080420]
[2015-09-30 16:14:04] Installing org.eclipse.wst.common.ui [1.1.500.v200911182011]
[2015-09-30 16:14:04] Installing org.eclipse.wst.common.uriresolver [1.2.200.v201505132009]
[2015-09-30 16:14:04] Installing org.eclipse.wst.common_core.feature.feature.group [3.7.0.v201505132009]
[2015-09-30 16:14:04] Installing org.eclipse.wst.common_core.feature.feature.jar [3.7.0.v201505132009]
[2015-09-30 16:14:04] Installing org.eclipse.wst.common_ui.feature.feature.group [3.7.0.v201505132009]
[2015-09-30 16:14:04] Installing org.eclipse.wst.common_ui.feature.feature.jar [3.7.0.v201505132009]
[2015-09-30 16:14:04] Installing org.eclipse.wst.dtd.core [1.1.700.v201211012112]
[2015-09-30 16:14:04] Installing org.eclipse.wst.dtd.ui [1.0.801.v201308100602]
[2015-09-30 16:14:04] Installing org.eclipse.wst.dtd.ui.infopop [1.0.400.v201309112106]
[2015-09-30 16:14:04] Installing org.eclipse.wst.dtdeditor.doc.user [1.0.700.v201208081537]
[2015-09-30 16:14:04] Installing org.eclipse.wst.internet.cache [1.0.700.v201211211430]
[2015-09-30 16:14:04] Installing org.eclipse.wst.server.core [1.6.100.v201505132000]
[2015-09-30 16:14:04] Installing org.eclipse.wst.sse.core [1.1.900.v201401092025]
[2015-09-30 16:14:04] Installing org.eclipse.wst.sse.doc.user [1.1.100.v201208081537]
[2015-09-30 16:14:04] Installing org.eclipse.wst.sse.ui [1.3.400.v201505141512]
[2015-09-30 16:14:04] Installing org.eclipse.wst.sse.ui.infopop [1.0.300.v201309112106]
[2015-09-30 16:14:04] Installing org.eclipse.wst.standard.schemas [1.0.700.v201304171715]
[2015-09-30 16:14:04] Installing org.eclipse.wst.validation [1.2.600.v201501211647]
[2015-09-30 16:14:04] Installing org.eclipse.wst.validation.infopop [1.0.300.v201309101952]
[2015-09-30 16:14:04] Installing org.eclipse.wst.validation.ui [1.2.500.v201310231452]
[2015-09-30 16:14:04] Installing org.eclipse.wst.xml.core [1.1.902.v201501211904]
[2015-09-30 16:14:04] Installing org.eclipse.wst.xml.ui [1.1.501.v201501212057]
[2015-09-30 16:14:04] Installing org.eclipse.wst.xml.ui.infopop [1.0.400.v201309112106]
[2015-09-30 16:14:04] Installing org.eclipse.wst.xml_core.feature.feature.group [3.7.0.v201502261749]
[2015-09-30 16:14:04] Installing org.eclipse.wst.xml_core.feature.feature.jar [3.7.0.v201502261749]
[2015-09-30 16:14:04] Installing org.eclipse.wst.xml_ui.feature.feature.group [3.7.0.v201505141512]
[2015-09-30 16:14:04] Installing org.eclipse.wst.xml_ui.feature.feature.jar [3.7.0.v201505141512]
[2015-09-30 16:14:04] Installing org.eclipse.wst.xml_userdoc.feature.feature.group [3.6.0.v201405062147]
[2015-09-30 16:14:04] Installing org.eclipse.wst.xml_userdoc.feature.feature.jar [3.6.0.v201405062147]
[2015-09-30 16:14:04] Installing org.eclipse.wst.xmleditor.doc.user [1.0.700.v201208081537]
[2015-09-30 16:14:04] Installing org.eclipse.wst.xsd.core [1.1.900.v201401141857]
[2015-09-30 16:14:04] Installing org.eclipse.wst.xsd.ui [1.2.500.v201208081537]
[2015-09-30 16:14:04] Installing org.eclipse.wst.xsdeditor.doc.user [1.0.800.v201208081537]
[2015-09-30 16:14:04] Installing org.eclipse.xsd [2.11.0.v20150601-0402]
[2015-09-30 16:14:04] Installing org.eclipse.xsd.edit [2.8.0.v20150601-0402]
[2015-09-30 16:14:04] Installing org.hamcrest.core [1.3.0.v201303031735]
[2015-09-30 16:14:04] Installing org.jsoup [1.7.2.v201411291515]
[2015-09-30 16:14:04] Installing org.junit [4.12.0.v201504281640]
[2015-09-30 16:14:04] Installing org.maven.ide.eclipse [1.6.0.20150526-2032]
[2015-09-30 16:14:04] Installing org.sat4j.core [2.3.5.v201308161310]
[2015-09-30 16:14:04] Installing org.sat4j.pb [2.3.5.v201404071733]
[2015-09-30 16:14:04] Installing org.slf4j.api [1.7.2.v20121108-1250]
[2015-09-30 16:14:04] Installing org.slf4j.impl.log4j12 [1.7.2.v20131105-2200]
[2015-09-30 16:14:04] Installing org.tukaani.xz [1.3.0.v201308270617]
[2015-09-30 16:14:04] Installing org.w3c.css.sac [1.3.1.v200903091627]
[2015-09-30 16:14:04] Installing org.w3c.dom.events [3.0.0.draft20060413_v201105210656]
[2015-09-30 16:14:04] Installing org.w3c.dom.smil [1.0.1.v200903091627]
[2015-09-30 16:14:04] Installing org.w3c.dom.svg [1.1.0.v201011041433]
[2015-09-30 16:14:04] Installing tooling.org.eclipse.update.feature.default [1.0.0]
[2015-09-30 16:14:04] Installing tooling.osgi.bundle.default [1.0.0]
[2015-09-30 16:14:04] Installing tooling.source.default [1.0.0]
[2015-09-30 16:14:04] Installing toolingcocoa.macosx.x86_64org.eclipse.core.runtime [4.5.0.I20150603-2000]
[2015-09-30 16:14:04] Installing toolingcocoa.macosx.x86_64org.eclipse.equinox.common [4.5.0.I20150603-2000]
[2015-09-30 16:14:04] Installing toolingcocoa.macosx.x86_64org.eclipse.equinox.ds [4.5.0.I20150603-2000]
[2015-09-30 16:14:04] Installing toolingcocoa.macosx.x86_64org.eclipse.equinox.event [4.5.0.I20150603-2000]
[2015-09-30 16:14:04] Installing toolingcocoa.macosx.x86_64org.eclipse.equinox.p2.reconciler.dropins [4.5.0.I20150603-2000]
[2015-09-30 16:14:04] Installing toolingcocoa.macosx.x86_64org.eclipse.equinox.simpleconfigurator [4.5.0.I20150603-2000]
[2015-09-30 16:14:04] Installing toolingcocoa.macosx.x86_64org.eclipse.update.configurator [4.5.0.I20150603-2000]
[2015-09-30 16:14:04] Installing toolingepp.package.java.application [4.5.0.20150621-1200]
[2015-09-30 16:14:04] Installing toolingepp.package.java.config.cocoa.macosx.x86_64 [4.5.0.20150621-1200]
[2015-09-30 16:14:04] Installing toolingepp.package.java.configuration [4.5.0.20150621-1200]
[2015-09-30 16:14:04] Installing toolingepp.package.java.executable.cocoa.macosx.x86_64 [4.5.0.20150621-1200]
[2015-09-30 16:14:04] Installing toolingepp.package.java.ini.cocoa.macosx.x86_64 [4.5.0.20150621-1200]
[2015-09-30 16:14:04] Installing toolingorg.eclipse.equinox.launcher [1.3.100.v20150511-1540]
[2015-09-30 16:14:04] Installing toolingorg.eclipse.equinox.launcher.cocoa.macosx.x86_64 [1.1.300.v20150602-1417]
[2015-09-30 16:14:04] Installing toolingorg.eclipse.platform.configuration.macosx [1.0.0]
[2015-09-30 16:14:04] Installing toolingorg.eclipse.platform.ide.application [4.5.0.I20150603-2000]
[2015-09-30 16:14:04] Installing toolingorg.eclipse.platform.ide.config.cocoa.macosx.x86_64 [4.5.0.I20150603-2000]
[2015-09-30 16:14:04] Installing toolingorg.eclipse.platform.ide.configuration [4.5.0.I20150603-2000]
[2015-09-30 16:14:04] Installing toolingorg.eclipse.platform.ide.executable.cocoa.macosx.x86_64 [4.5.0.I20150603-2000]
[2015-09-30 16:14:04] Installing toolingorg.eclipse.platform.ide.ini.cocoa.macosx.x86_64 [4.5.0.I20150603-2000]
[2015-09-30 16:14:04] Preparing to commit the provisioning operation.
[2015-09-30 16:14:05] Committing the provisioning operation.
[2015-09-30 16:14:06] Performing post bootstrap tasks
[2015-09-30 16:14:06] Changing /Users/kevinw/Applications/Eclipse.app/Contents/Eclipse/eclipse.ini (-vm /Library/Java/JavaVirtualMachines/jdk1.8.0_60.jdk/Contents/Home/jre/bin)
[2015-09-30 16:14:06] Changing /Users/kevinw/Applications/Eclipse.app/Contents/Eclipse/eclipse.ini (-Doomph.update.url=http://download.eclipse.org/oomph/updates/milestone/latest)
[2015-09-30 16:14:06] Changing /Users/kevinw/Applications/Eclipse.app/Contents/Eclipse/eclipse.ini (-Doomph.redirection.index.redirection=index:/->http://git.eclipse.org/c/oomph/org.eclipse.oomph.git/plain/setups/)
[2015-09-30 16:14:06] Changing /Users/kevinw/Applications/Eclipse.app/Contents/Eclipse/configuration/config.ini (osgi.configuration.cascaded=false)
[2015-09-30 16:14:06] Changing /Users/kevinw/Applications/Eclipse.app/Contents/Eclipse/configuration/org.eclipse.update/platform.xml (policy=MANAGED-ONLY)
[2015-09-30 16:14:06] 
